#
# There is insufficient memory for the Java Runtime Environment to continue.
# Native memory allocation (mmap) failed to map 6291456 bytes. Error detail: G1 virtual space
# Possible reasons:
#   The system is out of physical RAM or swap space
#   This process is running with CompressedOops enabled, and the Java Heap may be blocking the growth of the native heap
# Possible solutions:
#   Reduce memory load on the system
#   Increase physical memory or swap space
#   Check if swap backing store is full
#   Decrease Java heap size (-Xmx/-Xms)
#   Decrease number of Java threads
#   Decrease Java thread stack sizes (-Xss)
#   Set larger code cache with -XX:ReservedCodeCacheSize=
#   JVM is running with Unscaled Compressed Oops mode in which the Java heap is
#     placed in the first 4GB address space. The Java Heap base address is the
#     maximum limit for the native heap growth. Please use -XX:HeapBaseMinAddress
#     to set the Java Heap base and to place the Java Heap above 4GB virtual address.
# This output file may be truncated or incomplete.
#
#  Out of Memory Error (os_windows.cpp:3714), pid=8128, tid=9592
#
# JRE version: OpenJDK Runtime Environment Temurin-21.0.10+7 (21.0.10+7) (build 21.0.10+7-LTS)
# Java VM: OpenJDK 64-Bit Server VM Temurin-21.0.10+7 (21.0.10+7-LTS, mixed mode, sharing, tiered, compressed oops, compressed class ptrs, g1 gc, windows-amd64)
# No core dump will be written. Minidumps are not enabled by default on client versions of Windows
#

---------------  S U M M A R Y ------------

Command Line: -XX:MaxMetaspaceSize=512m --add-opens=java.base/java.util=ALL-UNNAMED --add-opens=java.base/java.lang=ALL-UNNAMED --add-opens=java.base/java.lang.invoke=ALL-UNNAMED --add-opens=java.prefs/java.util.prefs=ALL-UNNAMED --add-exports=jdk.compiler/com.sun.tools.javac.api=ALL-UNNAMED --add-exports=jdk.compiler/com.sun.tools.javac.util=ALL-UNNAMED --add-opens=java.base/java.nio.charset=ALL-UNNAMED --add-opens=java.base/java.net=ALL-UNNAMED --add-opens=java.base/java.util.concurrent.atomic=ALL-UNNAMED -Xmx2048m -Dfile.encoding=utf8 -Duser.country=IN -Duser.language=en -Duser.variant -javaagent:C:\Users\Kartik\.gradle\wrapper\dists\gradle-8.10.2-all\7iv73wktx1xtkvlq19urqw1wm\gradle-8.10.2\lib\agents\gradle-instrumentation-agent-8.10.2.jar org.gradle.launcher.daemon.bootstrap.GradleDaemon 8.10.2

Host: 12th Gen Intel(R) Core(TM) i5-1235U, 12 cores, 7G,  Windows 11 , 64 bit Build 26100 (10.0.26100.8328)
Time: Wed May 27 23:10:59 2026 India Standard Time elapsed time: 25.658408 seconds (0d 0h 0m 25s)

---------------  T H R E A D  ---------------

Current thread (0x0000019443ae6810):  VMThread "VM Thread"          [id=9592, stack(0x00000003a4b00000,0x00000003a4c00000) (1024K)]

Stack: [0x00000003a4b00000,0x00000003a4c00000]
Native frames: (J=compiled Java code, j=interpreted, Vv=VM code, C=native code)
V  [jvm.dll+0x6d7a39]
V  [jvm.dll+0x8b4b26]
V  [jvm.dll+0x8b70de]
V  [jvm.dll+0x8b77c3]
V  [jvm.dll+0x284346]
V  [jvm.dll+0x6d4355]
V  [jvm.dll+0x6c808a]
V  [jvm.dll+0x35edb8]
V  [jvm.dll+0x3669f6]
V  [jvm.dll+0x3b7afe]
V  [jvm.dll+0x3b7da8]
V  [jvm.dll+0x332fbc]
V  [jvm.dll+0x3357d6]
V  [jvm.dll+0x33f7cd]
V  [jvm.dll+0x374e8f]
V  [jvm.dll+0x8bd4b0]
V  [jvm.dll+0x8be824]
V  [jvm.dll+0x8bed50]
V  [jvm.dll+0x8beff3]
V  [jvm.dll+0x85f59d]
V  [jvm.dll+0x6d626d]
C  [ucrtbase.dll+0x37b0]
C  [KERNEL32.DLL+0x2e957]
C  [ntdll.dll+0x427c]

VM_Operation (0x00000003a46ff6f0): G1PauseRemark, mode: safepoint, requested by thread 0x000001942bfaaf50


---------------  P R O C E S S  ---------------

Threads class SMR info:
_java_thread_list=0x00000194647166c0, length=37, elements={
0x000001942bf408f0, 0x0000019443b06b60, 0x0000019443b095d0, 0x0000019443b0d720,
0x0000019443b0f080, 0x0000019443b0fe70, 0x0000019443b116c0, 0x0000019443b1e080,
0x0000019443b25d80, 0x0000019443ce98a0, 0x0000019443d5a890, 0x00000194649126a0,
0x000001946480d340, 0x0000019463ed4a70, 0x00000194646c6040, 0x00000194646d7d00,
0x00000194649192e0, 0x00000194649e57f0, 0x00000194649e4440, 0x00000194649e5e80,
0x00000194649e6510, 0x00000194649e4ad0, 0x00000194649e6ba0, 0x00000194649e5160,
0x00000194649e3db0, 0x000001946829e7c0, 0x000001946829e130, 0x00000194682a0200,
0x00000194682a0890, 0x000001946829daa0, 0x000001946829d410, 0x00000194682a22d0,
0x00000194682a0f20, 0x00000194682a2960, 0x00000194682a2ff0, 0x00000194682a3680,
0x0000019466c0c8e0
}

Java Threads: ( => current thread )
  0x000001942bf408f0 JavaThread "main"                              [_thread_blocked, id=13052, stack(0x00000003a4400000,0x00000003a4500000) (1024K)]
  0x0000019443b06b60 JavaThread "Reference Handler"          daemon [_thread_blocked, id=8308, stack(0x00000003a4c00000,0x00000003a4d00000) (1024K)]
  0x0000019443b095d0 JavaThread "Finalizer"                  daemon [_thread_blocked, id=16388, stack(0x00000003a4d00000,0x00000003a4e00000) (1024K)]
  0x0000019443b0d720 JavaThread "Signal Dispatcher"          daemon [_thread_blocked, id=3436, stack(0x00000003a4e00000,0x00000003a4f00000) (1024K)]
  0x0000019443b0f080 JavaThread "Attach Listener"            daemon [_thread_blocked, id=19112, stack(0x00000003a4f00000,0x00000003a5000000) (1024K)]
  0x0000019443b0fe70 JavaThread "Service Thread"             daemon [_thread_blocked, id=10528, stack(0x00000003a5000000,0x00000003a5100000) (1024K)]
  0x0000019443b116c0 JavaThread "Monitor Deflation Thread"   daemon [_thread_blocked, id=20552, stack(0x00000003a5100000,0x00000003a5200000) (1024K)]
  0x0000019443b1e080 JavaThread "C2 CompilerThread0"         daemon [_thread_blocked, id=8504, stack(0x00000003a5200000,0x00000003a5300000) (1024K)]
  0x0000019443b25d80 JavaThread "C1 CompilerThread0"         daemon [_thread_blocked, id=6476, stack(0x00000003a5300000,0x00000003a5400000) (1024K)]
  0x0000019443ce98a0 JavaThread "Common-Cleaner"             daemon [_thread_blocked, id=6860, stack(0x00000003a5400000,0x00000003a5500000) (1024K)]
  0x0000019443d5a890 JavaThread "Notification Thread"        daemon [_thread_blocked, id=18708, stack(0x00000003a5500000,0x00000003a5600000) (1024K)]
  0x00000194649126a0 JavaThread "Daemon health stats"               [_thread_blocked, id=15680, stack(0x00000003a5c00000,0x00000003a5d00000) (1024K)]
  0x000001946480d340 JavaThread "Incoming local TCP Connector on port 54527"        [_thread_in_native, id=16044, stack(0x00000003a5d00000,0x00000003a5e00000) (1024K)]
  0x0000019463ed4a70 JavaThread "Daemon periodic checks"            [_thread_blocked, id=18008, stack(0x00000003a5e00000,0x00000003a5f00000) (1024K)]
  0x00000194646c6040 JavaThread "Daemon"                            [_thread_blocked, id=10592, stack(0x00000003a5f00000,0x00000003a6000000) (1024K)]
  0x00000194646d7d00 JavaThread "Handler for socket connection from /127.0.0.1:54527 to /127.0.0.1:54528"        [_thread_in_native, id=14668, stack(0x00000003a6000000,0x00000003a6100000) (1024K)]
  0x00000194649192e0 JavaThread "Cancel handler"                    [_thread_blocked, id=15780, stack(0x00000003a5b00000,0x00000003a5c00000) (1024K)]
  0x00000194649e57f0 JavaThread "Daemon worker"                     [_thread_blocked, id=20540, stack(0x00000003a6100000,0x00000003a6200000) (1024K)]
  0x00000194649e4440 JavaThread "Asynchronous log dispatcher for DefaultDaemonConnection: socket connection from /127.0.0.1:54527 to /127.0.0.1:54528"        [_thread_blocked, id=1452, stack(0x00000003a6300000,0x00000003a6400000) (1024K)]
  0x00000194649e5e80 JavaThread "Stdin handler"                     [_thread_blocked, id=10828, stack(0x00000003a6400000,0x00000003a6500000) (1024K)]
  0x00000194649e6510 JavaThread "Daemon client event forwarder"        [_thread_blocked, id=12232, stack(0x00000003a6500000,0x00000003a6600000) (1024K)]
  0x00000194649e4ad0 JavaThread "Cache worker for journal cache (C:\Users\Kartik\.gradle\caches\journal-1)"        [_thread_blocked, id=4960, stack(0x00000003a6200000,0x00000003a6300000) (1024K)]
  0x00000194649e6ba0 JavaThread "File lock request listener"        [_thread_in_native, id=19188, stack(0x00000003a6600000,0x00000003a6700000) (1024K)]
  0x00000194649e5160 JavaThread "Cache worker for file hash cache (C:\Users\Kartik\.gradle\caches\8.10.2\fileHashes)"        [_thread_blocked, id=12984, stack(0x00000003a6700000,0x00000003a6800000) (1024K)]
  0x00000194649e3db0 JavaThread "Cache worker for file hash cache (C:\Users\Kartik\App\firstApp\android\.gradle\8.10.2\fileHashes)"        [_thread_blocked, id=4276, stack(0x00000003a7000000,0x00000003a7100000) (1024K)]
  0x000001946829e7c0 JavaThread "Cache worker for Build Output Cleanup Cache (C:\Users\Kartik\App\firstApp\android\.gradle\buildOutputCleanup)"        [_thread_blocked, id=18872, stack(0x00000003a7100000,0x00000003a7200000) (1024K)]
  0x000001946829e130 JavaThread "File watcher server"        daemon [_thread_in_native, id=12632, stack(0x00000003a7200000,0x00000003a7300000) (1024K)]
  0x00000194682a0200 JavaThread "File watcher consumer"      daemon [_thread_blocked, id=11292, stack(0x00000003a7300000,0x00000003a7400000) (1024K)]
  0x00000194682a0890 JavaThread "Cache worker for checksums cache (C:\Users\Kartik\App\firstApp\android\.gradle\8.10.2\checksums)"        [_thread_blocked, id=21176, stack(0x00000003a6800000,0x00000003a6900000) (1024K)]
  0x000001946829daa0 JavaThread "Cache worker for file content cache (C:\Users\Kartik\.gradle\caches\8.10.2\fileContent)"        [_thread_blocked, id=6296, stack(0x00000003a6900000,0x00000003a6a00000) (1024K)]
  0x000001946829d410 JavaThread "Cache worker for cache directory md-rule (C:\Users\Kartik\.gradle\caches\8.10.2\md-rule)"        [_thread_blocked, id=16556, stack(0x00000003a7500000,0x00000003a7600000) (1024K)]
  0x00000194682a22d0 JavaThread "Cache worker for cache directory md-supplier (C:\Users\Kartik\.gradle\caches\8.10.2\md-supplier)"        [_thread_blocked, id=12820, stack(0x00000003a7400000,0x00000003a7500000) (1024K)]
  0x00000194682a0f20 JavaThread "jar transforms"                    [_thread_blocked, id=4772, stack(0x00000003a7600000,0x00000003a7700000) (1024K)]
  0x00000194682a2960 JavaThread "jar transforms Thread 2"           [_thread_blocked, id=16028, stack(0x00000003a7700000,0x00000003a7800000) (1024K)]
  0x00000194682a2ff0 JavaThread "jar transforms Thread 3"           [_thread_blocked, id=9872, stack(0x00000003a7900000,0x00000003a7a00000) (1024K)]
  0x00000194682a3680 JavaThread "Cache worker for Build Output Cleanup Cache (C:\Users\Kartik\App\firstApp\node_modules\@react-native\gradle-plugin\.gradle\buildOutputCleanup)"        [_thread_blocked, id=6788, stack(0x00000003a7a00000,0x00000003a7b00000) (1024K)]
  0x0000019466c0c8e0 JavaThread "C2 CompilerThread1"         daemon [_thread_blocked, id=15628, stack(0x00000003a7800000,0x00000003a7900000) (1024K)]
Total: 37

Other Threads:
=>0x0000019443ae6810 VMThread "VM Thread"                           [id=9592, stack(0x00000003a4b00000,0x00000003a4c00000) (1024K)]
  0x0000019443ad5b80 WatcherThread "VM Periodic Task Thread"        [id=2040, stack(0x00000003a4a00000,0x00000003a4b00000) (1024K)]
  0x000001942bf9a050 WorkerThread "GC Thread#0"                     [id=13652, stack(0x00000003a4500000,0x00000003a4600000) (1024K)]
  0x0000019443e2b830 WorkerThread "GC Thread#1"                     [id=12564, stack(0x00000003a5800000,0x00000003a5900000) (1024K)]
  0x000001946353c0e0 WorkerThread "GC Thread#2"                     [id=19580, stack(0x00000003a5900000,0x00000003a5a00000) (1024K)]
  0x0000019463a9ea50 WorkerThread "GC Thread#3"                     [id=21964, stack(0x00000003a5700000,0x00000003a5800000) (1024K)]
  0x0000019463a9ee00 WorkerThread "GC Thread#4"                     [id=6512, stack(0x00000003a5a00000,0x00000003a5b00000) (1024K)]
  0x0000019463a9df40 WorkerThread "GC Thread#5"                     [id=5940, stack(0x00000003a5600000,0x00000003a5700000) (1024K)]
  0x00000194646c3e00 WorkerThread "GC Thread#6"                     [id=16872, stack(0x00000003a6a00000,0x00000003a6b00000) (1024K)]
  0x00000194646c27e0 WorkerThread "GC Thread#7"                     [id=3492, stack(0x00000003a6b00000,0x00000003a6c00000) (1024K)]
  0x00000194646c3a50 WorkerThread "GC Thread#8"                     [id=15964, stack(0x00000003a6c00000,0x00000003a6d00000) (1024K)]
  0x00000194646c5070 WorkerThread "GC Thread#9"                     [id=19840, stack(0x00000003a6d00000,0x00000003a6e00000) (1024K)]
  0x000001942bfaaf50 ConcurrentGCThread "G1 Main Marker"            [id=19952, stack(0x00000003a4600000,0x00000003a4700000) (1024K)]
  0x000001942bfac7f0 WorkerThread "G1 Conc#0"                       [id=1592, stack(0x00000003a4700000,0x00000003a4800000) (1024K)]
  0x00000194646c5b80 WorkerThread "G1 Conc#1"                       [id=13976, stack(0x00000003a6e00000,0x00000003a6f00000) (1024K)]
  0x00000194646c2080 WorkerThread "G1 Conc#2"                       [id=9768, stack(0x00000003a6f00000,0x00000003a7000000) (1024K)]
  0x00000194439a75b0 ConcurrentGCThread "G1 Refine#0"               [id=12756, stack(0x00000003a4800000,0x00000003a4900000) (1024K)]
  0x00000194439a7de0 ConcurrentGCThread "G1 Service"                [id=3876, stack(0x00000003a4900000,0x00000003a4a00000) (1024K)]
Total: 18

Threads with active compile tasks:
Total: 0

VM state: at safepoint (normal execution)

VM Mutex/Monitor currently owned by a thread:  ([mutex/lock_event])
[0x00007ffa8e12e560] Threads_lock - owner thread: 0x0000019443ae6810
[0x00007ffa8e12e660] Heap_lock - owner thread: 0x000001942bfaaf50

Heap address: 0x0000000080000000, size: 2048 MB, Compressed Oops mode: 32-bit

CDS archive(s) mapped at: [0x0000019444000000-0x0000019444ba0000-0x0000019444ba0000), size 12189696, SharedBaseAddress: 0x0000019444000000, ArchiveRelocationMode: 1.
Compressed class space mapped at: 0x0000019445000000-0x000001945f000000, reserved size: 436207616
Narrow klass base: 0x0000019444000000, Narrow klass shift: 0, Narrow klass range: 0x100000000

GC Precious Log:
 CardTable entry size: 512
 Card Set container configuration: InlinePtr #cards 5 size 8 Array Of Cards #cards 12 size 40 Howl #buckets 4 coarsen threshold 1843 Howl Bitmap #cards 512 size 80 coarsen threshold 460 Card regions per heap region 1 cards per card region 2048
 CPUs: 12 total, 12 available
 Memory: 7877M
 Large Page Support: Disabled
 NUMA Support: Disabled
 Compressed Oops: Enabled (32-bit)
 Heap Region Size: 1M
 Heap Min Capacity: 8M
 Heap Initial Capacity: 124M
 Heap Max Capacity: 2G
 Pre-touch: Disabled
 Parallel Workers: 10
 Concurrent Workers: 3
 Concurrent Refinement Workers: 10
 Periodic GC: Disabled

Heap:
 garbage-first heap   total 141312K, used 89357K [0x0000000080000000, 0x0000000100000000)
  region size 1024K, 7 young (7168K), 4 survivors (4096K)
 Metaspace       used 92224K, committed 94080K, reserved 557056K
  class space    used 12418K, committed 13312K, reserved 425984K

Heap Regions: E=young(eden), S=young(survivor), O=old, HS=humongous(starts), HC=humongous(continues), CS=collection set, F=free, TAMS=top-at-mark-start, PB=parsable bottom
|   0|0x0000000080000000, 0x0000000080100000, 0x0000000080100000|100%| O|  |TAMS 0x0000000080100000| PB 0x0000000080100000| Untracked 
|   1|0x0000000080100000, 0x0000000080200000, 0x0000000080200000|100%| O|  |TAMS 0x0000000080200000| PB 0x0000000080200000| Updating 
|   2|0x0000000080200000, 0x0000000080300000, 0x0000000080300000|100%|HS|  |TAMS 0x0000000080300000| PB 0x0000000080200000| Complete 
|   3|0x0000000080300000, 0x0000000080400000, 0x0000000080400000|100%|HC|  |TAMS 0x0000000080400000| PB 0x0000000080300000| Complete 
|   4|0x0000000080400000, 0x0000000080500000, 0x0000000080500000|100%|HC|  |TAMS 0x0000000080500000| PB 0x0000000080400000| Complete 
|   5|0x0000000080500000, 0x0000000080600000, 0x0000000080600000|100%|HC|  |TAMS 0x0000000080600000| PB 0x0000000080500000| Complete 
|   6|0x0000000080600000, 0x0000000080700000, 0x0000000080700000|100%| O|  |TAMS 0x0000000080700000| PB 0x0000000080700000| Untracked 
|   7|0x0000000080700000, 0x0000000080800000, 0x0000000080800000|100%| O|  |TAMS 0x0000000080800000| PB 0x0000000080800000| Untracked 
|   8|0x0000000080800000, 0x0000000080900000, 0x0000000080900000|100%| O|  |TAMS 0x0000000080900000| PB 0x0000000080900000| Updating 
|   9|0x0000000080900000, 0x0000000080a00000, 0x0000000080a00000|100%|HS|  |TAMS 0x0000000080a00000| PB 0x0000000080900000| Complete 
|  10|0x0000000080a00000, 0x0000000080b00000, 0x0000000080b00000|100%| O|  |TAMS 0x0000000080b00000| PB 0x0000000080b00000| Untracked 
|  11|0x0000000080b00000, 0x0000000080c00000, 0x0000000080c00000|100%| O|  |TAMS 0x0000000080c00000| PB 0x0000000080c00000| Untracked 
|  12|0x0000000080c00000, 0x0000000080d00000, 0x0000000080d00000|100%| O|  |TAMS 0x0000000080d00000| PB 0x0000000080d00000| Untracked 
|  13|0x0000000080d00000, 0x0000000080e00000, 0x0000000080e00000|100%| O|  |TAMS 0x0000000080e00000| PB 0x0000000080e00000| Updating 
|  14|0x0000000080e00000, 0x0000000080f00000, 0x0000000080f00000|100%| O|  |TAMS 0x0000000080f00000| PB 0x0000000080f00000| Untracked 
|  15|0x0000000080f00000, 0x0000000081000000, 0x0000000081000000|100%| O|  |TAMS 0x0000000081000000| PB 0x0000000081000000| Untracked 
|  16|0x0000000081000000, 0x0000000081100000, 0x0000000081100000|100%| O|  |TAMS 0x0000000081100000| PB 0x0000000081100000| Updating 
|  17|0x0000000081100000, 0x0000000081200000, 0x0000000081200000|100%| O|  |TAMS 0x0000000081200000| PB 0x0000000081200000| Untracked 
|  18|0x0000000081200000, 0x0000000081300000, 0x0000000081300000|100%| O|  |TAMS 0x0000000081300000| PB 0x0000000081300000| Untracked 
|  19|0x0000000081300000, 0x0000000081400000, 0x0000000081400000|100%| O|  |TAMS 0x0000000081400000| PB 0x0000000081400000| Untracked 
|  20|0x0000000081400000, 0x0000000081500000, 0x0000000081500000|100%| O|  |TAMS 0x0000000081500000| PB 0x0000000081500000| Untracked 
|  21|0x0000000081500000, 0x0000000081600000, 0x0000000081600000|100%| O|  |TAMS 0x0000000081600000| PB 0x0000000081600000| Untracked 
|  22|0x0000000081600000, 0x0000000081700000, 0x0000000081700000|100%| O|  |TAMS 0x0000000081700000| PB 0x0000000081700000| Updating 
|  23|0x0000000081700000, 0x0000000081800000, 0x0000000081800000|100%| O|  |TAMS 0x0000000081800000| PB 0x0000000081800000| Untracked 
|  24|0x0000000081800000, 0x0000000081900000, 0x0000000081900000|100%| O|  |TAMS 0x0000000081900000| PB 0x0000000081900000| Untracked 
|  25|0x0000000081900000, 0x0000000081a00000, 0x0000000081a00000|100%| O|  |TAMS 0x0000000081a00000| PB 0x0000000081a00000| Updating 
|  26|0x0000000081a00000, 0x0000000081b00000, 0x0000000081b00000|100%| O|  |TAMS 0x0000000081b00000| PB 0x0000000081b00000| Untracked 
|  27|0x0000000081b00000, 0x0000000081c00000, 0x0000000081c00000|100%| O|  |TAMS 0x0000000081c00000| PB 0x0000000081c00000| Updating 
|  28|0x0000000081c00000, 0x0000000081d00000, 0x0000000081d00000|100%| O|  |TAMS 0x0000000081d00000| PB 0x0000000081d00000| Untracked 
|  29|0x0000000081d00000, 0x0000000081e00000, 0x0000000081e00000|100%| O|  |TAMS 0x0000000081e00000| PB 0x0000000081e00000| Untracked 
|  30|0x0000000081e00000, 0x0000000081f00000, 0x0000000081f00000|100%| O|  |TAMS 0x0000000081f00000| PB 0x0000000081f00000| Untracked 
|  31|0x0000000081f00000, 0x0000000082000000, 0x0000000082000000|100%| O|  |TAMS 0x0000000082000000| PB 0x0000000082000000| Untracked 
|  32|0x0000000082000000, 0x0000000082100000, 0x0000000082100000|100%| O|  |TAMS 0x0000000082100000| PB 0x0000000082100000| Untracked 
|  33|0x0000000082100000, 0x0000000082200000, 0x0000000082200000|100%| O|  |TAMS 0x0000000082200000| PB 0x0000000082200000| Untracked 
|  34|0x0000000082200000, 0x0000000082300000, 0x0000000082300000|100%| O|  |TAMS 0x0000000082300000| PB 0x0000000082300000| Untracked 
|  35|0x0000000082300000, 0x0000000082400000, 0x0000000082400000|100%| O|  |TAMS 0x0000000082400000| PB 0x0000000082400000| Untracked 
|  36|0x0000000082400000, 0x0000000082500000, 0x0000000082500000|100%| O|  |TAMS 0x0000000082500000| PB 0x0000000082500000| Untracked 
|  37|0x0000000082500000, 0x0000000082600000, 0x0000000082600000|100%| O|  |TAMS 0x0000000082600000| PB 0x0000000082600000| Untracked 
|  38|0x0000000082600000, 0x0000000082700000, 0x0000000082700000|100%| O|  |TAMS 0x0000000082700000| PB 0x0000000082700000| Untracked 
|  39|0x0000000082700000, 0x0000000082800000, 0x0000000082800000|100%| O|  |TAMS 0x0000000082800000| PB 0x0000000082800000| Untracked 
|  40|0x0000000082800000, 0x0000000082900000, 0x0000000082900000|100%| O|  |TAMS 0x0000000082900000| PB 0x0000000082900000| Untracked 
|  41|0x0000000082900000, 0x0000000082a00000, 0x0000000082a00000|100%| O|  |TAMS 0x0000000082a00000| PB 0x0000000082a00000| Untracked 
|  42|0x0000000082a00000, 0x0000000082b00000, 0x0000000082b00000|100%| O|  |TAMS 0x0000000082b00000| PB 0x0000000082b00000| Untracked 
|  43|0x0000000082b00000, 0x0000000082c00000, 0x0000000082c00000|100%| O|  |TAMS 0x0000000082c00000| PB 0x0000000082c00000| Untracked 
|  44|0x0000000082c00000, 0x0000000082d00000, 0x0000000082d00000|100%| O|  |TAMS 0x0000000082d00000| PB 0x0000000082d00000| Untracked 
|  45|0x0000000082d00000, 0x0000000082e00000, 0x0000000082e00000|100%| O|  |TAMS 0x0000000082e00000| PB 0x0000000082e00000| Untracked 
|  46|0x0000000082e00000, 0x0000000082f00000, 0x0000000082f00000|100%| O|  |TAMS 0x0000000082f00000| PB 0x0000000082f00000| Untracked 
|  47|0x0000000082f00000, 0x0000000083000000, 0x0000000083000000|100%| O|  |TAMS 0x0000000082f00000| PB 0x0000000082f00000| Untracked 
|  48|0x0000000083000000, 0x0000000083100000, 0x0000000083100000|100%| O|  |TAMS 0x0000000083100000| PB 0x0000000083100000| Updating 
|  49|0x0000000083100000, 0x0000000083200000, 0x0000000083200000|100%| O|  |TAMS 0x0000000083200000| PB 0x0000000083200000| Untracked 
|  50|0x0000000083200000, 0x0000000083300000, 0x0000000083300000|100%| O|  |TAMS 0x0000000083300000| PB 0x0000000083300000| Untracked 
|  51|0x0000000083300000, 0x0000000083400000, 0x0000000083400000|100%| O|  |TAMS 0x0000000083400000| PB 0x0000000083400000| Updating 
|  52|0x0000000083400000, 0x0000000083500000, 0x0000000083500000|100%| O|  |TAMS 0x0000000083500000| PB 0x0000000083500000| Updating 
|  53|0x0000000083500000, 0x0000000083600000, 0x0000000083600000|100%|HS|  |TAMS 0x0000000083600000| PB 0x0000000083500000| Complete 
|  54|0x0000000083600000, 0x0000000083700000, 0x0000000083700000|100%|HC|  |TAMS 0x0000000083700000| PB 0x0000000083600000| Complete 
|  55|0x0000000083700000, 0x0000000083800000, 0x0000000083800000|100%|HC|  |TAMS 0x0000000083800000| PB 0x0000000083700000| Complete 
|  56|0x0000000083800000, 0x0000000083900000, 0x0000000083900000|100%|HC|  |TAMS 0x0000000083900000| PB 0x0000000083800000| Complete 
|  57|0x0000000083900000, 0x0000000083a00000, 0x0000000083a00000|100%|HC|  |TAMS 0x0000000083a00000| PB 0x0000000083900000| Complete 
|  58|0x0000000083a00000, 0x0000000083b00000, 0x0000000083b00000|100%|HC|  |TAMS 0x0000000083b00000| PB 0x0000000083a00000| Complete 
|  59|0x0000000083b00000, 0x0000000083c00000, 0x0000000083c00000|100%|HS|  |TAMS 0x0000000083c00000| PB 0x0000000083b00000| Complete 
|  60|0x0000000083c00000, 0x0000000083d00000, 0x0000000083d00000|100%| O|  |TAMS 0x0000000083d00000| PB 0x0000000083d00000| Untracked 
|  61|0x0000000083d00000, 0x0000000083e00000, 0x0000000083e00000|100%| O|  |TAMS 0x0000000083e00000| PB 0x0000000083e00000| Untracked 
|  62|0x0000000083e00000, 0x0000000083f00000, 0x0000000083f00000|100%| O|  |TAMS 0x0000000083f00000| PB 0x0000000083f00000| Untracked 
|  63|0x0000000083f00000, 0x0000000084000000, 0x0000000084000000|100%| O|  |TAMS 0x0000000084000000| PB 0x0000000084000000| Untracked 
|  64|0x0000000084000000, 0x0000000084100000, 0x0000000084100000|100%| O|  |TAMS 0x0000000084100000| PB 0x0000000084100000| Untracked 
|  65|0x0000000084100000, 0x0000000084200000, 0x0000000084200000|100%| O|  |TAMS 0x0000000084200000| PB 0x0000000084200000| Untracked 
|  66|0x0000000084200000, 0x0000000084300000, 0x0000000084300000|100%| O|  |TAMS 0x000000008422aac0| PB 0x000000008422aac0| Untracked 
|  67|0x0000000084300000, 0x0000000084300000, 0x0000000084400000|  0%| F|  |TAMS 0x0000000084300000| PB 0x0000000084300000| Untracked 
|  68|0x0000000084400000, 0x0000000084400000, 0x0000000084500000|  0%| F|  |TAMS 0x0000000084400000| PB 0x0000000084400000| Untracked 
|  69|0x0000000084500000, 0x0000000084600000, 0x0000000084600000|100%| O|  |TAMS 0x0000000084500000| PB 0x0000000084500000| Untracked 
|  70|0x0000000084600000, 0x0000000084700000, 0x0000000084700000|100%| O|  |TAMS 0x0000000084600000| PB 0x0000000084600000| Untracked 
|  71|0x0000000084700000, 0x0000000084800000, 0x0000000084800000|100%| O|  |TAMS 0x0000000084700000| PB 0x0000000084700000| Untracked 
|  72|0x0000000084800000, 0x0000000084900000, 0x0000000084900000|100%| O|  |TAMS 0x0000000084800000| PB 0x0000000084800000| Untracked 
|  73|0x0000000084900000, 0x000000008499bdd8, 0x0000000084a00000| 60%| O|  |TAMS 0x0000000084900000| PB 0x0000000084900000| Updating 
|  74|0x0000000084a00000, 0x0000000084a00000, 0x0000000084b00000|  0%| F|  |TAMS 0x0000000084a00000| PB 0x0000000084a00000| Untracked 
|  75|0x0000000084b00000, 0x0000000084b00000, 0x0000000084c00000|  0%| F|  |TAMS 0x0000000084b00000| PB 0x0000000084b00000| Untracked 
|  76|0x0000000084c00000, 0x0000000084c00000, 0x0000000084d00000|  0%| F|  |TAMS 0x0000000084c00000| PB 0x0000000084c00000| Untracked 
|  77|0x0000000084d00000, 0x0000000084d00000, 0x0000000084e00000|  0%| F|  |TAMS 0x0000000084d00000| PB 0x0000000084d00000| Untracked 
|  78|0x0000000084e00000, 0x0000000084e00000, 0x0000000084f00000|  0%| F|  |TAMS 0x0000000084e00000| PB 0x0000000084e00000| Untracked 
|  79|0x0000000084f00000, 0x0000000084f00000, 0x0000000085000000|  0%| F|  |TAMS 0x0000000084f00000| PB 0x0000000084f00000| Untracked 
|  80|0x0000000085000000, 0x00000000850a7a00, 0x0000000085100000| 65%| S|CS|TAMS 0x0000000085000000| PB 0x0000000085000000| Complete 
|  81|0x0000000085100000, 0x0000000085200000, 0x0000000085200000|100%| S|CS|TAMS 0x0000000085100000| PB 0x0000000085100000| Complete 
|  82|0x0000000085200000, 0x0000000085300000, 0x0000000085300000|100%| S|CS|TAMS 0x0000000085200000| PB 0x0000000085200000| Complete 
|  83|0x0000000085300000, 0x0000000085400000, 0x0000000085400000|100%| S|CS|TAMS 0x0000000085300000| PB 0x0000000085300000| Complete 
|  84|0x0000000085400000, 0x0000000085400000, 0x0000000085500000|  0%| F|  |TAMS 0x0000000085400000| PB 0x0000000085400000| Untracked 
|  85|0x0000000085500000, 0x0000000085500000, 0x0000000085600000|  0%| F|  |TAMS 0x0000000085500000| PB 0x0000000085500000| Untracked 
|  86|0x0000000085600000, 0x0000000085600000, 0x0000000085700000|  0%| F|  |TAMS 0x0000000085600000| PB 0x0000000085600000| Untracked 
|  87|0x0000000085700000, 0x0000000085700000, 0x0000000085800000|  0%| F|  |TAMS 0x0000000085700000| PB 0x0000000085700000| Untracked 
|  88|0x0000000085800000, 0x0000000085800000, 0x0000000085900000|  0%| F|  |TAMS 0x0000000085800000| PB 0x0000000085800000| Untracked 
|  89|0x0000000085900000, 0x0000000085900000, 0x0000000085a00000|  0%| F|  |TAMS 0x0000000085900000| PB 0x0000000085900000| Untracked 
|  90|0x0000000085a00000, 0x0000000085a00000, 0x0000000085b00000|  0%| F|  |TAMS 0x0000000085a00000| PB 0x0000000085a00000| Untracked 
|  91|0x0000000085b00000, 0x0000000085b00000, 0x0000000085c00000|  0%| F|  |TAMS 0x0000000085b00000| PB 0x0000000085b00000| Untracked 
|  92|0x0000000085c00000, 0x0000000085c00000, 0x0000000085d00000|  0%| F|  |TAMS 0x0000000085c00000| PB 0x0000000085c00000| Untracked 
|  93|0x0000000085d00000, 0x0000000085d00000, 0x0000000085e00000|  0%| F|  |TAMS 0x0000000085d00000| PB 0x0000000085d00000| Untracked 
|  94|0x0000000085e00000, 0x0000000085e00000, 0x0000000085f00000|  0%| F|  |TAMS 0x0000000085e00000| PB 0x0000000085e00000| Untracked 
|  95|0x0000000085f00000, 0x0000000085f00000, 0x0000000086000000|  0%| F|  |TAMS 0x0000000085f00000| PB 0x0000000085f00000| Untracked 
|  96|0x0000000086000000, 0x0000000086000000, 0x0000000086100000|  0%| F|  |TAMS 0x0000000086000000| PB 0x0000000086000000| Untracked 
|  97|0x0000000086100000, 0x0000000086100000, 0x0000000086200000|  0%| F|  |TAMS 0x0000000086100000| PB 0x0000000086100000| Untracked 
|  98|0x0000000086200000, 0x0000000086200000, 0x0000000086300000|  0%| F|  |TAMS 0x0000000086200000| PB 0x0000000086200000| Untracked 
|  99|0x0000000086300000, 0x0000000086300000, 0x0000000086400000|  0%| F|  |TAMS 0x0000000086300000| PB 0x0000000086300000| Untracked 
| 100|0x0000000086400000, 0x0000000086400000, 0x0000000086500000|  0%| F|  |TAMS 0x0000000086400000| PB 0x0000000086400000| Untracked 
| 101|0x0000000086500000, 0x0000000086500000, 0x0000000086600000|  0%| F|  |TAMS 0x0000000086500000| PB 0x0000000086500000| Untracked 
| 102|0x0000000086600000, 0x0000000086600000, 0x0000000086700000|  0%| F|  |TAMS 0x0000000086600000| PB 0x0000000086600000| Untracked 
| 103|0x0000000086700000, 0x0000000086700000, 0x0000000086800000|  0%| F|  |TAMS 0x0000000086700000| PB 0x0000000086700000| Untracked 
| 104|0x0000000086800000, 0x0000000086800000, 0x0000000086900000|  0%| F|  |TAMS 0x0000000086800000| PB 0x0000000086800000| Untracked 
| 105|0x0000000086900000, 0x0000000086900000, 0x0000000086a00000|  0%| F|  |TAMS 0x0000000086900000| PB 0x0000000086900000| Untracked 
| 106|0x0000000086a00000, 0x0000000086a00000, 0x0000000086b00000|  0%| F|  |TAMS 0x0000000086a00000| PB 0x0000000086a00000| Untracked 
| 107|0x0000000086b00000, 0x0000000086b00000, 0x0000000086c00000|  0%| F|  |TAMS 0x0000000086b00000| PB 0x0000000086b00000| Untracked 
| 108|0x0000000086c00000, 0x0000000086c00000, 0x0000000086d00000|  0%| F|  |TAMS 0x0000000086c00000| PB 0x0000000086c00000| Untracked 
| 109|0x0000000086d00000, 0x0000000086d00000, 0x0000000086e00000|  0%| F|  |TAMS 0x0000000086d00000| PB 0x0000000086d00000| Untracked 
| 110|0x0000000086e00000, 0x0000000086e00000, 0x0000000086f00000|  0%| F|  |TAMS 0x0000000086e00000| PB 0x0000000086e00000| Untracked 
| 111|0x0000000086f00000, 0x0000000086f00000, 0x0000000087000000|  0%| F|  |TAMS 0x0000000086f00000| PB 0x0000000086f00000| Untracked 
| 112|0x0000000087000000, 0x0000000087000000, 0x0000000087100000|  0%| F|  |TAMS 0x0000000087000000| PB 0x0000000087000000| Untracked 
| 113|0x0000000087100000, 0x0000000087100000, 0x0000000087200000|  0%| F|  |TAMS 0x0000000087100000| PB 0x0000000087100000| Untracked 
| 114|0x0000000087200000, 0x0000000087200000, 0x0000000087300000|  0%| F|  |TAMS 0x0000000087200000| PB 0x0000000087200000| Untracked 
| 115|0x0000000087300000, 0x0000000087300000, 0x0000000087400000|  0%| F|  |TAMS 0x0000000087300000| PB 0x0000000087300000| Untracked 
| 116|0x0000000087400000, 0x0000000087400000, 0x0000000087500000|  0%| F|  |TAMS 0x0000000087400000| PB 0x0000000087400000| Untracked 
| 117|0x0000000087500000, 0x0000000087500000, 0x0000000087600000|  0%| F|  |TAMS 0x0000000087500000| PB 0x0000000087500000| Untracked 
| 118|0x0000000087600000, 0x0000000087600000, 0x0000000087700000|  0%| F|  |TAMS 0x0000000087600000| PB 0x0000000087600000| Untracked 
| 119|0x0000000087700000, 0x0000000087700000, 0x0000000087800000|  0%| F|  |TAMS 0x0000000087700000| PB 0x0000000087700000| Untracked 
| 120|0x0000000087800000, 0x0000000087800000, 0x0000000087900000|  0%| F|  |TAMS 0x0000000087800000| PB 0x0000000087800000| Untracked 
| 121|0x0000000087900000, 0x0000000087900000, 0x0000000087a00000|  0%| F|  |TAMS 0x0000000087900000| PB 0x0000000087900000| Untracked 
| 122|0x0000000087a00000, 0x0000000087a00000, 0x0000000087b00000|  0%| F|  |TAMS 0x0000000087a00000| PB 0x0000000087a00000| Untracked 
| 123|0x0000000087b00000, 0x0000000087b00000, 0x0000000087c00000|  0%| F|  |TAMS 0x0000000087b00000| PB 0x0000000087b00000| Untracked 
| 124|0x0000000087c00000, 0x0000000087c00000, 0x0000000087d00000|  0%| F|  |TAMS 0x0000000087c00000| PB 0x0000000087c00000| Untracked 
| 125|0x0000000087d00000, 0x0000000087d80000, 0x0000000087e00000| 50%| E|  |TAMS 0x0000000087d00000| PB 0x0000000087d00000| Complete 
|2036|0x00000000ff400000, 0x00000000ff500000, 0x00000000ff500000|100%| O|  |TAMS 0x00000000ff500000| PB 0x00000000ff500000| Updating 
|2037|0x00000000ff500000, 0x00000000ff600000, 0x00000000ff600000|100%| E|CS|TAMS 0x00000000ff500000| PB 0x00000000ff500000| Complete 
|2038|0x00000000ff600000, 0x00000000ff700000, 0x00000000ff700000|100%| O|  |TAMS 0x00000000ff700000| PB 0x00000000ff700000| Untracked 
|2039|0x00000000ff700000, 0x00000000ff800000, 0x00000000ff800000|100%| O|  |TAMS 0x00000000ff800000| PB 0x00000000ff800000| Untracked 
|2040|0x00000000ff800000, 0x00000000ff900000, 0x00000000ff900000|100%| O|  |TAMS 0x00000000ff900000| PB 0x00000000ff900000| Untracked 
|2041|0x00000000ff900000, 0x00000000ffa00000, 0x00000000ffa00000|100%| O|  |TAMS 0x00000000ffa00000| PB 0x00000000ffa00000| Untracked 
|2042|0x00000000ffa00000, 0x00000000ffb00000, 0x00000000ffb00000|100%| O|  |TAMS 0x00000000ffb00000| PB 0x00000000ffb00000| Untracked 
|2043|0x00000000ffb00000, 0x00000000ffc00000, 0x00000000ffc00000|100%| O|  |TAMS 0x00000000ffc00000| PB 0x00000000ffc00000| Untracked 
|2044|0x00000000ffc00000, 0x00000000ffd00000, 0x00000000ffd00000|100%| O|  |TAMS 0x00000000ffd00000| PB 0x00000000ffd00000| Untracked 
|2045|0x00000000ffd00000, 0x00000000ffe00000, 0x00000000ffe00000|100%| E|CS|TAMS 0x00000000ffd00000| PB 0x00000000ffd00000| Complete 
|2046|0x00000000ffe00000, 0x00000000fff00000, 0x00000000fff00000|100%| O|  |TAMS 0x00000000fff00000| PB 0x00000000fff00000| Updating 
|2047|0x00000000fff00000, 0x0000000100000000, 0x0000000100000000|100%| O|  |TAMS 0x0000000100000000| PB 0x0000000100000000| Untracked 

Card table byte_map: [0x000001943ea90000,0x000001943ee90000] _byte_map_base: 0x000001943e690000

Marking Bits: (CMBitMap*) 0x000001942bf9a670
 Bits: [0x000001943ee90000, 0x0000019440e90000)

Polling page: 0x0000019429df0000

Metaspace:

Usage:
  Non-class:     77.94 MB used.
      Class:     12.13 MB used.
       Both:     90.06 MB used.

Virtual space:
  Non-class space:      128.00 MB reserved,      78.88 MB ( 62%) committed,  2 nodes.
      Class space:      416.00 MB reserved,      13.00 MB (  3%) committed,  1 nodes.
             Both:      544.00 MB reserved,      91.88 MB ( 17%) committed. 

Chunk freelists:
   Non-Class:  336.00 KB
       Class:  3.00 MB
        Both:  3.33 MB

MaxMetaspaceSize: 512.00 MB
CompressedClassSpaceSize: 416.00 MB
Initial GC threshold: 21.00 MB
Current GC threshold: 134.31 MB
CDS: on
 - commit_granule_bytes: 65536.
 - commit_granule_words: 8192.
 - virtual_space_node_default_size: 8388608.
 - enlarge_chunks_in_place: 1.
 - use_allocation_guard: 0.


Internal statistics:

num_allocs_failed_limit: 9.
num_arena_births: 3394.
num_arena_deaths: 2.
num_vsnodes_births: 3.
num_vsnodes_deaths: 0.
num_space_committed: 1468.
num_space_uncommitted: 0.
num_chunks_returned_to_freelist: 17.
num_chunks_taken_from_freelist: 7157.
num_chunk_merges: 7.
num_chunk_splits: 5094.
num_chunks_enlarged: 3578.
num_inconsistent_stats: 0.

CodeHeap 'non-profiled nmethods': size=120000Kb used=4246Kb max_used=4538Kb free=115753Kb
 bounds [0x0000019436c10000, 0x0000019437080000, 0x000001943e140000]
CodeHeap 'profiled nmethods': size=120000Kb used=14270Kb max_used=14922Kb free=105729Kb
 bounds [0x000001942f140000, 0x000001942ffe0000, 0x0000019436670000]
CodeHeap 'non-nmethods': size=5760Kb used=2783Kb max_used=2830Kb free=2976Kb
 bounds [0x0000019436670000, 0x0000019436940000, 0x0000019436c10000]
CodeCache: size=245760Kb, used=21299Kb, max_used=22290Kb, free=224458Kb
 total_blobs=8391, nmethods=7359, adapters=934, full_count=0
Compilation: enabled, stopped_count=0, restarted_count=0

Compilation events (20 events):
Event: 23.529 Thread 0x0000019443b25d80 8848       3       kotlin.collections.CollectionsKt___CollectionsKt$withIndex$1::<init> (11 bytes)
Event: 23.529 Thread 0x0000019443b25d80 nmethod 8848 0x000001942ffd2890 code [0x000001942ffd2a40, 0x000001942ffd2c68]
Event: 23.529 Thread 0x0000019443b25d80 8850       3       org.jetbrains.kotlin.serialization.deserialization.descriptors.DeserializedMemberScope$OptimizedImplementation$functionNames$2::invoke (5 bytes)
Event: 23.529 Thread 0x0000019443b25d80 nmethod 8850 0x000001942ffd2d90 code [0x000001942ffd2f80, 0x000001942ffd33f0]
Event: 23.530 Thread 0x0000019443b25d80 8851       1       org.jetbrains.kotlin.serialization.SerializerExtensionProtocol::getTypeAnnotation (5 bytes)
Event: 23.530 Thread 0x0000019443b25d80 nmethod 8851 0x0000019437077a10 code [0x0000019437077ba0, 0x0000019437077c68]
Event: 23.535 Thread 0x0000019443b1e080 nmethod 8806 0x0000019437077d10 code [0x0000019437077f60, 0x00000194370789c0]
Event: 23.535 Thread 0x0000019443b1e080 8845       4       org.jetbrains.kotlin.serialization.deserialization.descriptors.DeserializedPackageMemberScope::getContributedClassifier (26 bytes)
Event: 23.542 Thread 0x0000019466c0c8e0 nmethod 8839 0x0000019437079290 code [0x0000019437079480, 0x000001943707a078]
Event: 23.543 Thread 0x0000019466c0c8e0 8834       4       org.jetbrains.kotlin.utils.SmartList::<init> (5 bytes)
Event: 23.545 Thread 0x0000019466c0c8e0 nmethod 8834 0x000001943707a510 code [0x000001943707a6a0, 0x000001943707a730]
Event: 23.545 Thread 0x0000019466c0c8e0 8843       4       org.jetbrains.kotlin.serialization.deserialization.descriptors.DeserializedMemberScope::getContributedClassifier (63 bytes)
Event: 23.554 Thread 0x0000019443b1e080 nmethod 8845 0x000001943707a810 code [0x000001943707aaa0, 0x000001943707b408]
Event: 23.557 Thread 0x0000019443b1e080 8831       4       org.jetbrains.org.objectweb.asm.ClassVisitor::visitMethod (24 bytes)
Event: 23.558 Thread 0x0000019443b1e080 nmethod 8831 0x000001943707bd90 code [0x000001943707bf20, 0x000001943707bfe8]
Event: 23.559 Thread 0x0000019443b1e080 8783       4       kotlin.LazyKt__LazyJVMKt::lazy (21 bytes)
Event: 23.562 Thread 0x0000019443b1e080 nmethod 8783 0x000001943707c090 code [0x000001943707c220, 0x000001943707c458]
Event: 23.562 Thread 0x0000019443b1e080 8819       4       org.jetbrains.kotlin.metadata.ProtoBuf$Function::hasReceiverType (18 bytes)
Event: 23.563 Thread 0x0000019443b1e080 nmethod 8819 0x000001943707c590 code [0x000001943707c720, 0x000001943707c7b8]
Event: 23.582 Thread 0x0000019466c0c8e0 nmethod 8843 0x000001943707c890 code [0x000001943707cbc0, 0x000001943707db88]

GC Heap History (20 events):
Event: 15.594 GC heap before
{Heap before GC invocations=13 (full 0):
 garbage-first heap   total 114688K, used 108021K [0x0000000080000000, 0x0000000100000000)
  region size 1024K, 67 young (68608K), 6 survivors (6144K)
 Metaspace       used 45076K, committed 46400K, reserved 491520K
  class space    used 6467K, committed 7104K, reserved 425984K
}
Event: 15.601 GC heap after
{Heap after GC invocations=14 (full 0):
 garbage-first heap   total 120832K, used 46809K [0x0000000080000000, 0x0000000100000000)
  region size 1024K, 9 young (9216K), 9 survivors (9216K)
 Metaspace       used 45076K, committed 46400K, reserved 491520K
  class space    used 6467K, committed 7104K, reserved 425984K
}
Event: 16.535 GC heap before
{Heap before GC invocations=14 (full 0):
 garbage-first heap   total 120832K, used 108249K [0x0000000080000000, 0x0000000100000000)
  region size 1024K, 68 young (69632K), 9 survivors (9216K)
 Metaspace       used 51906K, committed 53376K, reserved 491520K
  class space    used 7709K, committed 8384K, reserved 425984K
}
Event: 16.541 GC heap after
{Heap after GC invocations=15 (full 0):
 garbage-first heap   total 121856K, used 49475K [0x0000000080000000, 0x0000000100000000)
  region size 1024K, 3 young (3072K), 3 survivors (3072K)
 Metaspace       used 51906K, committed 53376K, reserved 491520K
  class space    used 7709K, committed 8384K, reserved 425984K
}
Event: 17.444 GC heap before
{Heap before GC invocations=15 (full 0):
 garbage-first heap   total 121856K, used 100675K [0x0000000080000000, 0x0000000100000000)
  region size 1024K, 54 young (55296K), 3 survivors (3072K)
 Metaspace       used 58677K, committed 60096K, reserved 491520K
  class space    used 8592K, committed 9280K, reserved 425984K
}
Event: 17.448 GC heap after
{Heap after GC invocations=16 (full 0):
 garbage-first heap   total 121856K, used 50176K [0x0000000080000000, 0x0000000100000000)
  region size 1024K, 3 young (3072K), 3 survivors (3072K)
 Metaspace       used 58677K, committed 60096K, reserved 491520K
  class space    used 8592K, committed 9280K, reserved 425984K
}
Event: 18.644 GC heap before
{Heap before GC invocations=17 (full 0):
 garbage-first heap   total 121856K, used 118784K [0x0000000080000000, 0x0000000100000000)
  region size 1024K, 63 young (64512K), 3 survivors (3072K)
 Metaspace       used 64838K, committed 66432K, reserved 491520K
  class space    used 9353K, committed 10048K, reserved 425984K
}
Event: 18.651 GC heap after
{Heap after GC invocations=18 (full 0):
 garbage-first heap   total 129024K, used 63522K [0x0000000080000000, 0x0000000100000000)
  region size 1024K, 8 young (8192K), 8 survivors (8192K)
 Metaspace       used 64838K, committed 66432K, reserved 491520K
  class space    used 9353K, committed 10048K, reserved 425984K
}
Event: 19.416 GC heap before
{Heap before GC invocations=18 (full 0):
 garbage-first heap   total 129024K, used 122914K [0x0000000080000000, 0x0000000100000000)
  region size 1024K, 59 young (60416K), 8 survivors (8192K)
 Metaspace       used 69283K, committed 70784K, reserved 491520K
  class space    used 9850K, committed 10560K, reserved 425984K
}
Event: 19.427 GC heap after
{Heap after GC invocations=19 (full 0):
 garbage-first heap   total 141312K, used 70415K [0x0000000080000000, 0x0000000100000000)
  region size 1024K, 8 young (8192K), 8 survivors (8192K)
 Metaspace       used 69283K, committed 70784K, reserved 491520K
  class space    used 9850K, committed 10560K, reserved 425984K
}
Event: 20.357 GC heap before
{Heap before GC invocations=19 (full 0):
 garbage-first heap   total 141312K, used 123663K [0x0000000080000000, 0x0000000100000000)
  region size 1024K, 60 young (61440K), 8 survivors (8192K)
 Metaspace       used 74993K, committed 76608K, reserved 557056K
  class space    used 10374K, committed 11136K, reserved 425984K
}
Event: 20.363 GC heap after
{Heap after GC invocations=20 (full 0):
 garbage-first heap   total 141312K, used 74649K [0x0000000080000000, 0x0000000100000000)
  region size 1024K, 5 young (5120K), 5 survivors (5120K)
 Metaspace       used 74993K, committed 76608K, reserved 557056K
  class space    used 10374K, committed 11136K, reserved 425984K
}
Event: 21.197 GC heap before
{Heap before GC invocations=20 (full 0):
 garbage-first heap   total 141312K, used 124825K [0x0000000080000000, 0x0000000100000000)
  region size 1024K, 54 young (55296K), 5 survivors (5120K)
 Metaspace       used 80471K, committed 82368K, reserved 557056K
  class space    used 11106K, committed 12032K, reserved 425984K
}
Event: 21.202 GC heap after
{Heap after GC invocations=21 (full 0):
 garbage-first heap   total 141312K, used 77770K [0x0000000080000000, 0x0000000100000000)
  region size 1024K, 4 young (4096K), 4 survivors (4096K)
 Metaspace       used 80471K, committed 82368K, reserved 557056K
  class space    used 11106K, committed 12032K, reserved 425984K
}
Event: 21.825 GC heap before
{Heap before GC invocations=22 (full 0):
 garbage-first heap   total 141312K, used 127946K [0x0000000080000000, 0x0000000100000000)
  region size 1024K, 52 young (53248K), 4 survivors (4096K)
 Metaspace       used 84268K, committed 86144K, reserved 557056K
  class space    used 11595K, committed 12480K, reserved 425984K
}
Event: 21.829 GC heap after
{Heap after GC invocations=23 (full 0):
 garbage-first heap   total 141312K, used 79702K [0x0000000080000000, 0x0000000100000000)
  region size 1024K, 6 young (6144K), 6 survivors (6144K)
 Metaspace       used 84268K, committed 86144K, reserved 557056K
  class space    used 11595K, committed 12480K, reserved 425984K
}
Event: 22.530 GC heap before
{Heap before GC invocations=23 (full 0):
 garbage-first heap   total 141312K, used 127830K [0x0000000080000000, 0x0000000100000000)
  region size 1024K, 53 young (54272K), 6 survivors (6144K)
 Metaspace       used 87083K, committed 88960K, reserved 557056K
  class space    used 11894K, committed 12800K, reserved 425984K
}
Event: 22.536 GC heap after
{Heap after GC invocations=24 (full 0):
 garbage-first heap   total 141312K, used 83719K [0x0000000080000000, 0x0000000100000000)
  region size 1024K, 7 young (7168K), 7 survivors (7168K)
 Metaspace       used 87083K, committed 88960K, reserved 557056K
  class space    used 11894K, committed 12800K, reserved 425984K
}
Event: 23.573 GC heap before
{Heap before GC invocations=24 (full 0):
 garbage-first heap   total 141312K, used 128775K [0x0000000080000000, 0x0000000100000000)
  region size 1024K, 51 young (52224K), 7 survivors (7168K)
 Metaspace       used 91828K, committed 93696K, reserved 557056K
  class space    used 12392K, committed 13312K, reserved 425984K
}
Event: 23.580 GC heap after
{Heap after GC invocations=25 (full 0):
 garbage-first heap   total 141312K, used 87309K [0x0000000080000000, 0x0000000100000000)
  region size 1024K, 4 young (4096K), 4 survivors (4096K)
 Metaspace       used 91828K, committed 93696K, reserved 557056K
  class space    used 12392K, committed 13312K, reserved 425984K
}

Dll operation events (14 events):
Event: 0.012 Loaded shared library C:\Users\Kartik\.vscode\extensions\redhat.java-1.54.0-win32-x64\jre\21.0.10-win32-x86_64\bin\java.dll
Event: 0.071 Loaded shared library C:\Users\Kartik\.vscode\extensions\redhat.java-1.54.0-win32-x64\jre\21.0.10-win32-x86_64\bin\zip.dll
Event: 0.094 Loaded shared library C:\Users\Kartik\.vscode\extensions\redhat.java-1.54.0-win32-x64\jre\21.0.10-win32-x86_64\bin\instrument.dll
Event: 0.099 Loaded shared library C:\Users\Kartik\.vscode\extensions\redhat.java-1.54.0-win32-x64\jre\21.0.10-win32-x86_64\bin\net.dll
Event: 0.102 Loaded shared library C:\Users\Kartik\.vscode\extensions\redhat.java-1.54.0-win32-x64\jre\21.0.10-win32-x86_64\bin\nio.dll
Event: 0.106 Loaded shared library C:\Users\Kartik\.vscode\extensions\redhat.java-1.54.0-win32-x64\jre\21.0.10-win32-x86_64\bin\zip.dll
Event: 0.405 Loaded shared library C:\Users\Kartik\.vscode\extensions\redhat.java-1.54.0-win32-x64\jre\21.0.10-win32-x86_64\bin\jimage.dll
Event: 0.617 Loaded shared library C:\Users\Kartik\.vscode\extensions\redhat.java-1.54.0-win32-x64\jre\21.0.10-win32-x86_64\bin\verify.dll
Event: 0.812 Loaded shared library C:\Users\Kartik\.gradle\native\c067742578af261105cb4f569cf0c3c89f3d7b1fecec35dd04571415982c5e48\windows-amd64\native-platform.dll
Event: 1.219 Loaded shared library C:\Users\Kartik\.gradle\native\100fb08df4bc3b14c8652ba06237920a3bd2aa13389f12d3474272988ae205f9\windows-amd64\native-platform-file-events.dll
Event: 2.443 Loaded shared library C:\Users\Kartik\.vscode\extensions\redhat.java-1.54.0-win32-x64\jre\21.0.10-win32-x86_64\bin\management.dll
Event: 2.449 Loaded shared library C:\Users\Kartik\.vscode\extensions\redhat.java-1.54.0-win32-x64\jre\21.0.10-win32-x86_64\bin\management_ext.dll
Event: 2.701 Loaded shared library C:\Users\Kartik\.vscode\extensions\redhat.java-1.54.0-win32-x64\jre\21.0.10-win32-x86_64\bin\extnet.dll
Event: 2.984 Loaded shared library C:\Users\Kartik\.vscode\extensions\redhat.java-1.54.0-win32-x64\jre\21.0.10-win32-x86_64\bin\sunmscapi.dll

Deoptimization events (20 events):
Event: 23.461 Thread 0x00000194649e57f0 DEOPT PACKING pc=0x0000019436eaa860 sp=0x00000003a61f31c0
Event: 23.461 Thread 0x00000194649e57f0 DEOPT UNPACKING pc=0x00000194366c4422 sp=0x00000003a61f30a8 mode 2
Event: 23.461 Thread 0x00000194649e57f0 Uncommon trap: trap_request=0xffffffde fr.pc=0x0000019436e9ad78 relative=0x0000000000001618
Event: 23.461 Thread 0x00000194649e57f0 Uncommon trap: reason=class_check action=maybe_recompile pc=0x0000019436e9ad78 method=org.jetbrains.kotlin.storage.LockBasedStorageManager$LockBasedLazyValue.invoke()Ljava/lang/Object; @ 24 c2
Event: 23.461 Thread 0x00000194649e57f0 DEOPT PACKING pc=0x0000019436e9ad78 sp=0x00000003a61f3410
Event: 23.461 Thread 0x00000194649e57f0 DEOPT UNPACKING pc=0x00000194366c4422 sp=0x00000003a61f30e8 mode 2
Event: 23.467 Thread 0x00000194649e57f0 Uncommon trap: trap_request=0xffffffde fr.pc=0x0000019436ea6d58 relative=0x0000000000000418
Event: 23.467 Thread 0x00000194649e57f0 Uncommon trap: reason=class_check action=maybe_recompile pc=0x0000019436ea6d58 method=org.jetbrains.kotlin.storage.LockBasedStorageManager$LockBasedLazyValue.invoke()Ljava/lang/Object; @ 24 c2
Event: 23.467 Thread 0x00000194649e57f0 DEOPT PACKING pc=0x0000019436ea6d58 sp=0x00000003a61f3000
Event: 23.467 Thread 0x00000194649e57f0 DEOPT UNPACKING pc=0x00000194366c4422 sp=0x00000003a61f2f40 mode 2
Event: 23.467 Thread 0x00000194649e57f0 Uncommon trap: trap_request=0xffffffde fr.pc=0x0000019436eaa860 relative=0x0000000000000420
Event: 23.467 Thread 0x00000194649e57f0 Uncommon trap: reason=class_check action=maybe_recompile pc=0x0000019436eaa860 method=org.jetbrains.kotlin.storage.LockBasedStorageManager$LockBasedLazyValue.invoke()Ljava/lang/Object; @ 24 c2
Event: 23.467 Thread 0x00000194649e57f0 DEOPT PACKING pc=0x0000019436eaa860 sp=0x00000003a61f2ca0
Event: 23.468 Thread 0x00000194649e57f0 DEOPT UNPACKING pc=0x00000194366c4422 sp=0x00000003a61f2b88 mode 2
Event: 23.468 Thread 0x00000194649e57f0 Uncommon trap: trap_request=0xffffffde fr.pc=0x0000019436cc14dc relative=0x000000000000041c
Event: 23.468 Thread 0x00000194649e57f0 Uncommon trap: reason=class_check action=maybe_recompile pc=0x0000019436cc14dc method=org.jetbrains.kotlin.storage.LockBasedStorageManager$LockBasedLazyValue.invoke()Ljava/lang/Object; @ 24 c2
Event: 23.468 Thread 0x00000194649e57f0 DEOPT PACKING pc=0x0000019436cc14dc sp=0x00000003a61f2cb0
Event: 23.468 Thread 0x00000194649e57f0 DEOPT UNPACKING pc=0x00000194366c4422 sp=0x00000003a61f2c60 mode 2
Event: 23.518 Thread 0x00000194649e57f0 DEOPT PACKING pc=0x000001942f4d14dd sp=0x00000003a61f2830
Event: 23.518 Thread 0x00000194649e57f0 DEOPT UNPACKING pc=0x00000194366c4bc2 sp=0x00000003a61f1cc0 mode 0

Classes loaded (20 events):
Event: 18.466 Loading class java/util/zip/ZipFile$ZipEntryIterator
Event: 18.467 Loading class java/util/zip/ZipFile$ZipEntryIterator done
Event: 18.797 Loading class java/nio/channels/Channels$ReadableByteChannelImpl
Event: 18.798 Loading class java/nio/channels/Channels$ReadableByteChannelImpl done
Event: 18.798 Loading class java/nio/channels/NonWritableChannelException
Event: 18.798 Loading class java/nio/channels/NonWritableChannelException done
Event: 20.982 Loading class java/text/StringCharacterIterator
Event: 20.983 Loading class java/text/CharacterIterator
Event: 20.983 Loading class java/text/CharacterIterator done
Event: 20.983 Loading class java/text/StringCharacterIterator done
Event: 21.045 Loading class java/io/NotSerializableException
Event: 21.045 Loading class java/io/NotSerializableException done
Event: 21.373 Loading class java/util/function/IntUnaryOperator
Event: 21.373 Loading class java/util/function/IntUnaryOperator done
Event: 21.419 Loading class java/util/AbstractList$SubList
Event: 21.419 Loading class java/util/AbstractList$SubList done
Event: 21.419 Loading class java/util/AbstractList$SubList$1
Event: 21.419 Loading class java/util/AbstractList$SubList$1 done
Event: 22.527 Loading class java/util/AbstractList$RandomAccessSubList
Event: 22.528 Loading class java/util/AbstractList$RandomAccessSubList done

Classes unloaded (15 events):
Event: 17.479 Thread 0x0000019443ae6810 Unloading class 0x000001944562f3b0 '_BuildScript_$_run_closure1$_closure2$_closure3$_closure4$_closure10$_closure14'
Event: 17.479 Thread 0x0000019443ae6810 Unloading class 0x000001944562efc0 '_BuildScript_$_run_closure1$_closure2$_closure3$_closure4$_closure10$_closure13'
Event: 17.479 Thread 0x0000019443ae6810 Unloading class 0x000001944562ebd0 '_BuildScript_$_run_closure1$_closure2$_closure3$_closure4$_closure10'
Event: 17.479 Thread 0x0000019443ae6810 Unloading class 0x000001944562e7e0 '_BuildScript_$_run_closure1$_closure2$_closure3$_closure4$_closure9$_closure12'
Event: 17.479 Thread 0x0000019443ae6810 Unloading class 0x000001944562e3f0 '_BuildScript_$_run_closure1$_closure2$_closure3$_closure4$_closure9'
Event: 17.479 Thread 0x0000019443ae6810 Unloading class 0x000001944562e000 '_BuildScript_$_run_closure1$_closure2$_closure3$_closure4$_closure8'
Event: 17.479 Thread 0x0000019443ae6810 Unloading class 0x000001944562db90 '_BuildScript_$_run_closure1$_closure2$_closure3$_closure4$_closure7'
Event: 17.479 Thread 0x0000019443ae6810 Unloading class 0x000001944562d7a0 '_BuildScript_$_run_closure1$_closure2$_closure3$_closure4$_closure6$_closure11'
Event: 17.479 Thread 0x0000019443ae6810 Unloading class 0x000001944562d3b0 '_BuildScript_$_run_closure1$_closure2$_closure3$_closure4$_closure6'
Event: 17.479 Thread 0x0000019443ae6810 Unloading class 0x000001944562cfc0 '_BuildScript_$_run_closure1$_closure2$_closure3$_closure4$_closure5'
Event: 17.479 Thread 0x0000019443ae6810 Unloading class 0x000001944562cbd0 '_BuildScript_$_run_closure1$_closure2$_closure3$_closure4'
Event: 17.479 Thread 0x0000019443ae6810 Unloading class 0x000001944562c7e0 '_BuildScript_$_run_closure1$_closure2$_closure3'
Event: 17.479 Thread 0x0000019443ae6810 Unloading class 0x000001944562c3f0 '_BuildScript_$_run_closure1$_closure2'
Event: 17.479 Thread 0x0000019443ae6810 Unloading class 0x000001944562c000 '_BuildScript_$_run_closure1'
Event: 17.479 Thread 0x0000019443ae6810 Unloading class 0x0000019445624000 '_BuildScript_'

Classes redefined (0 events):
No events

Internal exceptions (20 events):
Event: 17.362 Thread 0x00000194649e57f0 Exception <a 'java/lang/NoSuchMethodError'{0x00000000845bf610}: 'int java.lang.invoke.DelegatingMethodHandle$Holder.reinvoke_L(java.lang.Object, java.lang.Object, java.lang.Object, long, long, long)'> (0x00000000845bf610) 
thrown [s\src\hotspot\share\interpreter\linkResolver.cpp, line 773]
Event: 17.363 Thread 0x00000194649e57f0 Exception <a 'java/lang/NoSuchMethodError'{0x00000000845ceb08}: 'int java.lang.invoke.DelegatingMethodHandle$Holder.reinvoke_L(java.lang.Object, java.lang.Object, java.lang.Object, long, int)'> (0x00000000845ceb08) 
thrown [s\src\hotspot\share\interpreter\linkResolver.cpp, line 773]
Event: 18.317 Thread 0x00000194649e57f0 Exception <a 'java/lang/NoSuchMethodError'{0x00000000850d9bf0}: 'java.lang.Object java.lang.invoke.Invokers$Holder.invokeExact_MT(java.lang.Object, java.lang.Object, long, java.lang.Object)'> (0x00000000850d9bf0) 
thrown [s\src\hotspot\share\interpreter\linkResolver.cpp, line 773]
Event: 18.403 Thread 0x00000194649e57f0 Exception <a 'java/lang/NoSuchMethodError'{0x0000000084d47828}: 'long java.lang.invoke.DirectMethodHandle$Holder.invokeStatic(java.lang.Object, java.lang.Object, int)'> (0x0000000084d47828) 
thrown [s\src\hotspot\share\interpreter\linkResolver.cpp, line 773]
Event: 18.403 Thread 0x00000194649e57f0 Exception <a 'java/lang/NoSuchMethodError'{0x0000000084d54488}: 'java.lang.Object java.lang.invoke.DelegatingMethodHandle$Holder.reinvoke_L(java.lang.Object, int, long, java.lang.Object, java.lang.Object, int, java.lang.Object)'> (0x0000000084d54488) 
thrown [s\src\hotspot\share\interpreter\linkResolver.cpp, line 773]
Event: 18.467 Thread 0x00000194649e57f0 Implicit null exception at 0x0000019436e645eb to 0x0000019436e65158
Event: 20.490 Thread 0x00000194649e57f0 Exception <a 'java/lang/NoSuchMethodError'{0x00000000877b97c8}: 'java.lang.Object java.lang.invoke.DirectMethodHandle$Holder.newInvokeSpecial(java.lang.Object, java.lang.Object, java.lang.Object, java.lang.Object, java.lang.Object, java.lang.Object, java.lang.Object, java.lang.Object, java.lang.Object, java.lang.Object, java.lang.Object, java.lang.Object, java.lang.Object, java.lang.Object, java.lang.Object, java.lang.Object, java.lang.Object, java.lang.Object, java.lang.Object, java.lang.Object, java.lang
Event: 20.511 Thread 0x00000194649e57f0 Exception <a 'java/lang/NoSuchMethodError'{0x00000000875a1888}: 'java.lang.Object java.lang.invoke.DirectMethodHandle$Holder.newInvokeSpecial(java.lang.Object, java.lang.Object, java.lang.Object, java.lang.Object, java.lang.Object, java.lang.Object, java.lang.Object, java.lang.Object, java.lang.Object, java.lang.Object, java.lang.Object, java.lang.Object, java.lang.Object, java.lang.Object, java.lang.Object, java.lang.Object, java.lang.Object, java.lang.Object, java.lang.Object, java.lang.Object)'> (0x0000
Event: 20.512 Thread 0x00000194649e57f0 Exception <a 'java/lang/NoSuchMethodError'{0x00000000875a94f8}: 'java.lang.Object java.lang.invoke.DirectMethodHandle$Holder.invokeSpecial(java.lang.Object, java.lang.Object, java.lang.Object, java.lang.Object, java.lang.Object, java.lang.Object, java.lang.Object, java.lang.Object, java.lang.Object, java.lang.Object, java.lang.Object, java.lang.Object, java.lang.Object, java.lang.Object, java.lang.Object, java.lang.Object, java.lang.Object, java.lang.Object, java.lang.Object, java.lang.Object, java.lang.Ob
Event: 20.513 Thread 0x00000194649e57f0 Exception <a 'java/lang/NoSuchMethodError'{0x00000000875aff68}: 'java.lang.Object java.lang.invoke.DelegatingMethodHandle$Holder.reinvoke_L(java.lang.Object, java.lang.Object, java.lang.Object, java.lang.Object, java.lang.Object, java.lang.Object, java.lang.Object, java.lang.Object, java.lang.Object, java.lang.Object, java.lang.Object, java.lang.Object, java.lang.Object, java.lang.Object, java.lang.Object, java.lang.Object, java.lang.Object, java.lang.Object, java.lang.Object, java.lang.Object)'> (0x000000
Event: 20.543 Thread 0x00000194649e57f0 Exception <a 'java/lang/NoSuchMethodError'{0x00000000873ba4b0}: 'java.lang.Object java.lang.invoke.DirectMethodHandle$Holder.newInvokeSpecial(java.lang.Object, java.lang.Object, java.lang.Object, java.lang.Object, java.lang.Object, java.lang.Object, java.lang.Object, java.lang.Object, java.lang.Object, java.lang.Object, java.lang.Object, java.lang.Object, java.lang.Object, java.lang.Object, java.lang.Object, java.lang.Object)'> (0x00000000873ba4b0) 
thrown [s\src\hotspot\share\interpreter\linkResolver.cpp,
Event: 20.543 Thread 0x00000194649e57f0 Exception <a 'java/lang/NoSuchMethodError'{0x00000000873c1a70}: 'java.lang.Object java.lang.invoke.DirectMethodHandle$Holder.invokeSpecial(java.lang.Object, java.lang.Object, java.lang.Object, java.lang.Object, java.lang.Object, java.lang.Object, java.lang.Object, java.lang.Object, java.lang.Object, java.lang.Object, java.lang.Object, java.lang.Object, java.lang.Object, java.lang.Object, java.lang.Object, java.lang.Object, java.lang.Object)'> (0x00000000873c1a70) 
thrown [s\src\hotspot\share\interpreter\li
Event: 20.544 Thread 0x00000194649e57f0 Exception <a 'java/lang/NoSuchMethodError'{0x00000000873c7e60}: 'java.lang.Object java.lang.invoke.DelegatingMethodHandle$Holder.reinvoke_L(java.lang.Object, java.lang.Object, java.lang.Object, java.lang.Object, java.lang.Object, java.lang.Object, java.lang.Object, java.lang.Object, java.lang.Object, java.lang.Object, java.lang.Object, java.lang.Object, java.lang.Object, java.lang.Object, java.lang.Object, java.lang.Object)'> (0x00000000873c7e60) 
thrown [s\src\hotspot\share\interpreter\linkResolver.cpp, l
Event: 20.565 Thread 0x00000194649e57f0 Exception <a 'java/lang/NoSuchMethodError'{0x0000000087111540}: 'java.lang.Object java.lang.invoke.DirectMethodHandle$Holder.newInvokeSpecial(java.lang.Object, java.lang.Object, java.lang.Object, java.lang.Object, java.lang.Object, java.lang.Object, java.lang.Object, java.lang.Object, java.lang.Object, java.lang.Object, java.lang.Object, java.lang.Object, java.lang.Object, java.lang.Object, java.lang.Object, java.lang.Object, java.lang.Object, java.lang.Object, java.lang.Object, java.lang.Object, java.lang
Event: 20.582 Thread 0x00000194649e57f0 Exception <a 'java/lang/NoSuchMethodError'{0x0000000087074898}: 'java.lang.Object java.lang.invoke.DirectMethodHandle$Holder.newInvokeSpecial(java.lang.Object, java.lang.Object, java.lang.Object, java.lang.Object, java.lang.Object, java.lang.Object, java.lang.Object, java.lang.Object, java.lang.Object, java.lang.Object, java.lang.Object, java.lang.Object, java.lang.Object)'> (0x0000000087074898) 
thrown [s\src\hotspot\share\interpreter\linkResolver.cpp, line 773]
Event: 20.815 Thread 0x00000194649e57f0 Exception <a 'java/lang/NoSuchMethodError'{0x00000000864f0fe8}: 'java.lang.Object java.lang.invoke.DirectMethodHandle$Holder.newInvokeSpecial(java.lang.Object, java.lang.Object, java.lang.Object, int)'> (0x00000000864f0fe8) 
thrown [s\src\hotspot\share\interpreter\linkResolver.cpp, line 773]
Event: 20.815 Thread 0x00000194649e57f0 Exception <a 'java/lang/NoSuchMethodError'{0x00000000864f65e0}: 'java.lang.Object java.lang.invoke.Invokers$Holder.linkToTargetMethod(java.lang.Object, java.lang.Object, int, java.lang.Object)'> (0x00000000864f65e0) 
thrown [s\src\hotspot\share\interpreter\linkResolver.cpp, line 773]
Event: 21.447 Thread 0x00000194649e57f0 Exception <a 'java/lang/NoSuchMethodError'{0x00000000871a0df0}: 'java.lang.Object java.lang.invoke.DirectMethodHandle$Holder.newInvokeSpecial(java.lang.Object, java.lang.Object, java.lang.Object, java.lang.Object, int)'> (0x00000000871a0df0) 
thrown [s\src\hotspot\share\interpreter\linkResolver.cpp, line 773]
Event: 21.448 Thread 0x00000194649e57f0 Exception <a 'java/lang/NoSuchMethodError'{0x00000000871a6e08}: 'java.lang.Object java.lang.invoke.DirectMethodHandle$Holder.invokeSpecial(java.lang.Object, java.lang.Object, java.lang.Object, java.lang.Object, java.lang.Object, int)'> (0x00000000871a6e08) 
thrown [s\src\hotspot\share\interpreter\linkResolver.cpp, line 773]
Event: 21.448 Thread 0x00000194649e57f0 Exception <a 'java/lang/NoSuchMethodError'{0x00000000871ac7d8}: 'java.lang.Object java.lang.invoke.Invokers$Holder.linkToTargetMethod(java.lang.Object, java.lang.Object, java.lang.Object, int, java.lang.Object)'> (0x00000000871ac7d8) 
thrown [s\src\hotspot\share\interpreter\linkResolver.cpp, line 773]

ZGC Phase Switch (0 events):
No events

VM Operations (20 events):
Event: 21.256 Executing safepoint VM operation: G1PauseRemark done
Event: 21.282 Executing safepoint VM operation: G1PauseCleanup
Event: 21.282 Executing safepoint VM operation: G1PauseCleanup done
Event: 21.533 Executing non-safepoint VM operation: HandshakeAllThreads (Deoptimize)
Event: 21.533 Executing non-safepoint VM operation: HandshakeAllThreads (Deoptimize) done
Event: 21.825 Executing safepoint VM operation: G1CollectForAllocation (G1 Evacuation Pause)
Event: 21.829 Executing safepoint VM operation: G1CollectForAllocation (G1 Evacuation Pause) done
Event: 22.337 Executing safepoint VM operation: ICBufferFull
Event: 22.337 Executing safepoint VM operation: ICBufferFull done
Event: 22.529 Executing safepoint VM operation: G1CollectForAllocation (G1 Evacuation Pause)
Event: 22.536 Executing safepoint VM operation: G1CollectForAllocation (G1 Evacuation Pause) done
Event: 22.929 Executing safepoint VM operation: ICBufferFull
Event: 22.929 Executing safepoint VM operation: ICBufferFull done
Event: 23.304 Executing non-safepoint VM operation: HandshakeAllThreads (Deoptimize)
Event: 23.304 Executing non-safepoint VM operation: HandshakeAllThreads (Deoptimize) done
Event: 23.514 Executing safepoint VM operation: ICBufferFull
Event: 23.514 Executing safepoint VM operation: ICBufferFull done
Event: 23.573 Executing safepoint VM operation: G1CollectForAllocation (G1 Evacuation Pause)
Event: 23.580 Executing safepoint VM operation: G1CollectForAllocation (G1 Evacuation Pause) done
Event: 23.630 Executing safepoint VM operation: G1PauseRemark

Memory protections (0 events):
No events

Nmethod flushes (20 events):
Event: 23.637 Thread 0x0000019443ae6810 flushing  nmethod 0x000001942f76c710
Event: 23.637 Thread 0x0000019443ae6810 flushing  nmethod 0x000001942fb27b10
Event: 23.637 Thread 0x0000019443ae6810 flushing  nmethod 0x000001942fbb5690
Event: 23.637 Thread 0x0000019443ae6810 flushing  nmethod 0x0000019436d2d310
Event: 23.637 Thread 0x0000019443ae6810 flushing  nmethod 0x0000019436d2eb10
Event: 23.637 Thread 0x0000019443ae6810 flushing osr nmethod 0x0000019436d87310
Event: 23.637 Thread 0x0000019443ae6810 flushing  nmethod 0x0000019436f5a510
Event: 23.637 Thread 0x0000019443ae6810 flushing  nmethod 0x0000019437027990
Event: 23.637 Thread 0x0000019443ae6810 flushing  nmethod 0x000001942f377c90
Event: 23.637 Thread 0x0000019443ae6810 flushing  nmethod 0x000001942f37bb10
Event: 23.637 Thread 0x0000019443ae6810 flushing  nmethod 0x000001942f3b0690
Event: 23.637 Thread 0x0000019443ae6810 flushing  nmethod 0x000001942f468890
Event: 23.637 Thread 0x0000019443ae6810 flushing  nmethod 0x000001942f46a810
Event: 23.637 Thread 0x0000019443ae6810 flushing  nmethod 0x000001942f4d8a90
Event: 23.637 Thread 0x0000019443ae6810 flushing  nmethod 0x000001942f4dcb90
Event: 23.637 Thread 0x0000019443ae6810 flushing  nmethod 0x000001942f4dd890
Event: 23.637 Thread 0x0000019443ae6810 flushing  nmethod 0x000001942f509d10
Event: 23.637 Thread 0x0000019443ae6810 flushing  nmethod 0x000001942f831790
Event: 23.637 Thread 0x0000019443ae6810 flushing  nmethod 0x000001942f988390
Event: 23.637 Thread 0x0000019443ae6810 flushing  nmethod 0x000001942fb1d190

Events (20 events):
Event: 13.273 Thread 0x0000019443b25d80 Thread added: 0x0000019443b24fe0
Event: 14.250 Thread 0x0000019443b24fe0 Thread exited: 0x0000019443b24fe0
Event: 14.613 Thread 0x0000019443b1e080 Thread added: 0x0000019443b24fe0
Event: 14.813 Thread 0x0000019443b24fe0 Thread exited: 0x0000019443b24fe0
Event: 15.003 Thread 0x00000194649e57f0 Thread added: 0x00000194682a2960
Event: 15.166 Thread 0x0000019443b25d80 Thread added: 0x0000019443b256b0
Event: 15.392 Thread 0x00000194649e57f0 Thread added: 0x00000194682a2ff0
Event: 15.684 Thread 0x00000194649e57f0 Thread added: 0x00000194682a3680
Event: 16.232 Thread 0x0000019443b256b0 Thread exited: 0x0000019443b256b0
Event: 16.640 Thread 0x0000019443b25d80 Thread added: 0x0000019443b256b0
Event: 16.884 Thread 0x0000019443b256b0 Thread exited: 0x0000019443b256b0
Event: 18.473 Thread 0x0000019443b25d80 Thread added: 0x00000194667afc90
Event: 19.026 Thread 0x00000194667afc90 Thread exited: 0x00000194667afc90
Event: 19.444 Thread 0x0000019443b25d80 Thread added: 0x00000194667b2c40
Event: 19.699 Thread 0x00000194667b2c40 Thread exited: 0x00000194667b2c40
Event: 20.349 Thread 0x0000019443b25d80 Thread added: 0x00000194667b4e50
Event: 22.879 Thread 0x00000194667b4e50 Thread exited: 0x00000194667b4e50
Event: 22.942 Thread 0x0000019443b25d80 Thread added: 0x0000019466c0c210
Event: 23.069 Thread 0x0000019466c0c210 Thread exited: 0x0000019466c0c210
Event: 23.340 Thread 0x0000019443b25d80 Thread added: 0x0000019466c0c8e0


Dynamic libraries:
0x00007ff6c6d90000 - 0x00007ff6c6d9e000 	C:\Users\Kartik\.vscode\extensions\redhat.java-1.54.0-win32-x64\jre\21.0.10-win32-x86_64\bin\java.exe
0x00007ffb24120000 - 0x00007ffb24387000 	C:\Windows\SYSTEM32\ntdll.dll
0x00007ffb227e0000 - 0x00007ffb228a9000 	C:\Windows\System32\KERNEL32.DLL
0x00007ffb20ee0000 - 0x00007ffb212d7000 	C:\Windows\System32\KERNELBASE.dll
0x00007ffb20b50000 - 0x00007ffb20c9b000 	C:\Windows\System32\ucrtbase.dll
0x00007ffb0e320000 - 0x00007ffb0e33e000 	C:\Users\Kartik\.vscode\extensions\redhat.java-1.54.0-win32-x64\jre\21.0.10-win32-x86_64\bin\VCRUNTIME140.dll
0x00007ffb0e300000 - 0x00007ffb0e318000 	C:\Users\Kartik\.vscode\extensions\redhat.java-1.54.0-win32-x64\jre\21.0.10-win32-x86_64\bin\jli.dll
0x00007ffb22610000 - 0x00007ffb227d6000 	C:\Windows\System32\USER32.dll
0x00007ffb20ca0000 - 0x00007ffb20cc7000 	C:\Windows\System32\win32u.dll
0x00007ffb08640000 - 0x00007ffb088d2000 	C:\Windows\WinSxS\amd64_microsoft.windows.common-controls_6595b64144ccf1df_6.0.26100.8457_none_3e0b2faee331e92d\COMCTL32.dll
0x00007ffb236e0000 - 0x00007ffb2370b000 	C:\Windows\System32\GDI32.dll
0x00007ffb23230000 - 0x00007ffb232d9000 	C:\Windows\System32\msvcrt.dll
0x00007ffb212e0000 - 0x00007ffb2140c000 	C:\Windows\System32\gdi32full.dll
0x00007ffb21d40000 - 0x00007ffb21de3000 	C:\Windows\System32\msvcp_win.dll
0x00007ffb228d0000 - 0x00007ffb22902000 	C:\Windows\System32\IMM32.DLL
0x00007ffb19600000 - 0x00007ffb1960c000 	C:\Users\Kartik\.vscode\extensions\redhat.java-1.54.0-win32-x64\jre\21.0.10-win32-x86_64\bin\vcruntime140_1.dll
0x00007ffaed170000 - 0x00007ffaed1fd000 	C:\Users\Kartik\.vscode\extensions\redhat.java-1.54.0-win32-x64\jre\21.0.10-win32-x86_64\bin\msvcp140.dll
0x00007ffa8d470000 - 0x00007ffa8e211000 	C:\Users\Kartik\.vscode\extensions\redhat.java-1.54.0-win32-x64\jre\21.0.10-win32-x86_64\bin\server\jvm.dll
0x00007ffb23620000 - 0x00007ffb236d6000 	C:\Windows\System32\ADVAPI32.dll
0x00007ffb24020000 - 0x00007ffb240c7000 	C:\Windows\System32\sechost.dll
0x00007ffb21ea0000 - 0x00007ffb21fb8000 	C:\Windows\System32\RPCRT4.dll
0x00007ffb22350000 - 0x00007ffb223d0000 	C:\Windows\System32\WS2_32.dll
0x00007ffb14de0000 - 0x00007ffb14e16000 	C:\Windows\SYSTEM32\WINMM.dll
0x00007ffb209d0000 - 0x00007ffb20a2e000 	C:\Windows\SYSTEM32\POWRPROF.dll
0x00007ffb0aa40000 - 0x00007ffb0aa4b000 	C:\Windows\SYSTEM32\VERSION.dll
0x00007ffb20990000 - 0x00007ffb209a4000 	C:\Windows\SYSTEM32\UMPDC.dll
0x00007ffb1f880000 - 0x00007ffb1f89b000 	C:\Windows\SYSTEM32\kernel.appcore.dll
0x00007ffb19540000 - 0x00007ffb1954a000 	C:\Users\Kartik\.vscode\extensions\redhat.java-1.54.0-win32-x64\jre\21.0.10-win32-x86_64\bin\jimage.dll
0x00007ffb1eaa0000 - 0x00007ffb1ece2000 	C:\Windows\SYSTEM32\DBGHELP.DLL
0x00007ffb21fc0000 - 0x00007ffb22343000 	C:\Windows\System32\combase.dll
0x00007ffb22c40000 - 0x00007ffb22d19000 	C:\Windows\System32\OLEAUT32.dll
0x00007ffb072c0000 - 0x00007ffb072fb000 	C:\Windows\SYSTEM32\dbgcore.DLL
0x00007ffb21df0000 - 0x00007ffb21e98000 	C:\Windows\System32\bcryptPrimitives.dll
0x00007ffb18160000 - 0x00007ffb1816f000 	C:\Users\Kartik\.vscode\extensions\redhat.java-1.54.0-win32-x64\jre\21.0.10-win32-x86_64\bin\instrument.dll
0x00007ffaf94b0000 - 0x00007ffaf94d0000 	C:\Users\Kartik\.vscode\extensions\redhat.java-1.54.0-win32-x64\jre\21.0.10-win32-x86_64\bin\java.dll
0x00007ffb23720000 - 0x00007ffb23e8e000 	C:\Windows\System32\SHELL32.dll
0x00007ffb214d0000 - 0x00007ffb21d3c000 	C:\Windows\System32\windows.storage.dll
0x00007ffb22ad0000 - 0x00007ffb22bc6000 	C:\Windows\System32\SHCORE.dll
0x00007ffb22bd0000 - 0x00007ffb22c36000 	C:\Windows\System32\shlwapi.dll
0x00007ffb20a70000 - 0x00007ffb20a99000 	C:\Windows\SYSTEM32\profapi.dll
0x00007ffb0e2e0000 - 0x00007ffb0e2f8000 	C:\Users\Kartik\.vscode\extensions\redhat.java-1.54.0-win32-x64\jre\21.0.10-win32-x86_64\bin\zip.dll
0x00007ffb14e20000 - 0x00007ffb14e30000 	C:\Users\Kartik\.vscode\extensions\redhat.java-1.54.0-win32-x64\jre\21.0.10-win32-x86_64\bin\net.dll
0x00007ffb17d80000 - 0x00007ffb17ea9000 	C:\Windows\SYSTEM32\WINHTTP.dll
0x00007ffb1fe50000 - 0x00007ffb1febc000 	C:\Windows\system32\mswsock.dll
0x00007ffb0e1d0000 - 0x00007ffb0e1e6000 	C:\Users\Kartik\.vscode\extensions\redhat.java-1.54.0-win32-x64\jre\21.0.10-win32-x86_64\bin\nio.dll
0x00007ffb147f0000 - 0x00007ffb14800000 	C:\Users\Kartik\.vscode\extensions\redhat.java-1.54.0-win32-x64\jre\21.0.10-win32-x86_64\bin\verify.dll
0x00007ffaf40a0000 - 0x00007ffaf40c7000 	C:\Users\Kartik\.gradle\native\c067742578af261105cb4f569cf0c3c89f3d7b1fecec35dd04571415982c5e48\windows-amd64\native-platform.dll
0x00007ffab55f0000 - 0x00007ffab5734000 	C:\Users\Kartik\.gradle\native\100fb08df4bc3b14c8652ba06237920a3bd2aa13389f12d3474272988ae205f9\windows-amd64\native-platform-file-events.dll
0x00007ffb19880000 - 0x00007ffb1988a000 	C:\Users\Kartik\.vscode\extensions\redhat.java-1.54.0-win32-x64\jre\21.0.10-win32-x86_64\bin\management.dll
0x00007ffb13d40000 - 0x00007ffb13d4c000 	C:\Users\Kartik\.vscode\extensions\redhat.java-1.54.0-win32-x64\jre\21.0.10-win32-x86_64\bin\management_ext.dll
0x00007ffb23710000 - 0x00007ffb23718000 	C:\Windows\System32\PSAPI.DLL
0x00007ffb20130000 - 0x00007ffb2014b000 	C:\Windows\SYSTEM32\CRYPTSP.dll
0x00007ffb1f840000 - 0x00007ffb1f879000 	C:\Windows\system32\rsaenh.dll
0x00007ffb1ff00000 - 0x00007ffb1ff33000 	C:\Windows\SYSTEM32\USERENV.dll
0x00007ffb20a40000 - 0x00007ffb20a6a000 	C:\Windows\SYSTEM32\bcrypt.dll
0x00007ffb20150000 - 0x00007ffb2015c000 	C:\Windows\SYSTEM32\CRYPTBASE.dll
0x00007ffb1f2f0000 - 0x00007ffb1f322000 	C:\Windows\SYSTEM32\IPHLPAPI.DLL
0x00007ffb240d0000 - 0x00007ffb240da000 	C:\Windows\System32\NSI.dll
0x00007ffb0e1c0000 - 0x00007ffb0e1c9000 	C:\Users\Kartik\.vscode\extensions\redhat.java-1.54.0-win32-x64\jre\21.0.10-win32-x86_64\bin\extnet.dll
0x00007ffb14490000 - 0x00007ffb1449e000 	C:\Users\Kartik\.vscode\extensions\redhat.java-1.54.0-win32-x64\jre\21.0.10-win32-x86_64\bin\sunmscapi.dll
0x00007ffb20cd0000 - 0x00007ffb20e48000 	C:\Windows\System32\CRYPT32.dll
0x00007ffb20350000 - 0x00007ffb20380000 	C:\Windows\SYSTEM32\ncrypt.dll
0x00007ffb20300000 - 0x00007ffb2033f000 	C:\Windows\SYSTEM32\NTASN1.dll
0x00007ffaefc80000 - 0x00007ffaefc88000 	C:\Windows\system32\wshunix.dll

JVMTI agents:
C:\Users\Kartik\.gradle\wrapper\dists\gradle-8.10.2-all\7iv73wktx1xtkvlq19urqw1wm\gradle-8.10.2\lib\agents\gradle-instrumentation-agent-8.10.2.jar path:C:\Users\Kartik\.vscode\extensions\redhat.java-1.54.0-win32-x64\jre\21.0.10-win32-x86_64\bin\instrument.dll, loaded, initialized, instrumentlib options:none

dbghelp: loaded successfully - version: 4.0.5 - missing functions: none
symbol engine: initialized successfully - sym options: 0x614 - pdb path: .;C:\Users\Kartik\.vscode\extensions\redhat.java-1.54.0-win32-x64\jre\21.0.10-win32-x86_64\bin;C:\Windows\SYSTEM32;C:\Windows\WinSxS\amd64_microsoft.windows.common-controls_6595b64144ccf1df_6.0.26100.8457_none_3e0b2faee331e92d;C:\Users\Kartik\.vscode\extensions\redhat.java-1.54.0-win32-x64\jre\21.0.10-win32-x86_64\bin\server;C:\Users\Kartik\.gradle\native\c067742578af261105cb4f569cf0c3c89f3d7b1fecec35dd04571415982c5e48\windows-amd64;C:\Users\Kartik\.gradle\native\100fb08df4bc3b14c8652ba06237920a3bd2aa13389f12d3474272988ae205f9\windows-amd64

VM Arguments:
jvm_args: -XX:MaxMetaspaceSize=512m --add-opens=java.base/java.util=ALL-UNNAMED --add-opens=java.base/java.lang=ALL-UNNAMED --add-opens=java.base/java.lang.invoke=ALL-UNNAMED --add-opens=java.prefs/java.util.prefs=ALL-UNNAMED --add-exports=jdk.compiler/com.sun.tools.javac.api=ALL-UNNAMED --add-exports=jdk.compiler/com.sun.tools.javac.util=ALL-UNNAMED --add-opens=java.base/java.nio.charset=ALL-UNNAMED --add-opens=java.base/java.net=ALL-UNNAMED --add-opens=java.base/java.util.concurrent.atomic=ALL-UNNAMED -Xmx2048m -Dfile.encoding=utf8 -Duser.country=IN -Duser.language=en -Duser.variant -javaagent:C:\Users\Kartik\.gradle\wrapper\dists\gradle-8.10.2-all\7iv73wktx1xtkvlq19urqw1wm\gradle-8.10.2\lib\agents\gradle-instrumentation-agent-8.10.2.jar 
java_command: org.gradle.launcher.daemon.bootstrap.GradleDaemon 8.10.2
java_class_path (initial): C:\Users\Kartik\.gradle\wrapper\dists\gradle-8.10.2-all\7iv73wktx1xtkvlq19urqw1wm\gradle-8.10.2\lib\gradle-daemon-main-8.10.2.jar
Launcher Type: SUN_STANDARD

[Global flags]
     intx CICompilerCount                          = 4                                         {product} {ergonomic}
   size_t CompressedClassSpaceSize                 = 436207616                                 {product} {ergonomic}
     uint ConcGCThreads                            = 3                                         {product} {ergonomic}
     uint G1ConcRefinementThreads                  = 10                                        {product} {ergonomic}
   size_t G1HeapRegionSize                         = 1048576                                   {product} {ergonomic}
    uintx GCDrainStackTargetSize                   = 64                                        {product} {ergonomic}
   size_t InitialHeapSize                          = 130023424                                 {product} {ergonomic}
   size_t MarkStackSize                            = 4194304                                   {product} {ergonomic}
   size_t MaxHeapSize                              = 2147483648                                {product} {command line}
   size_t MaxMetaspaceSize                         = 536870912                                 {product} {command line}
   size_t MaxNewSize                               = 1287651328                                {product} {ergonomic}
   size_t MinHeapDeltaBytes                        = 1048576                                   {product} {ergonomic}
   size_t MinHeapSize                              = 8388608                                   {product} {ergonomic}
    uintx NonNMethodCodeHeapSize                   = 5839372                                {pd product} {ergonomic}
    uintx NonProfiledCodeHeapSize                  = 122909434                              {pd product} {ergonomic}
    uintx ProfiledCodeHeapSize                     = 122909434                              {pd product} {ergonomic}
    uintx ReservedCodeCacheSize                    = 251658240                              {pd product} {ergonomic}
     bool SegmentedCodeCache                       = true                                      {product} {ergonomic}
   size_t SoftMaxHeapSize                          = 2147483648                             {manageable} {ergonomic}
     bool UseCompressedOops                        = true                           {product lp64_product} {ergonomic}
     bool UseG1GC                                  = true                                      {product} {ergonomic}
     bool UseLargePagesIndividualAllocation        = false                                  {pd product} {ergonomic}

Logging:
Log output configuration:
 #0: stdout all=warning uptime,level,tags foldmultilines=false
 #1: stderr all=off uptime,level,tags foldmultilines=false

Release file:
JAVA_VERSION="21.0.10" 
MODULES="java.base java.compiler java.datatransfer java.xml java.prefs java.desktop java.instrument java.logging java.management java.security.sasl java.naming java.rmi java.management.rmi java.net.http java.scripting java.security.jgss java.transaction.xa java.sql java.sql.rowset java.xml.crypto java.se java.smartcardio jdk.accessibility jdk.internal.jvmstat jdk.attach jdk.charsets jdk.internal.opt jdk.zipfs jdk.compiler jdk.crypto.ec jdk.crypto.cryptoki jdk.crypto.mscapi jdk.dynalink jdk.internal.ed jdk.editpad jdk.hotspot.agent jdk.httpserver jdk.internal.le jdk.internal.vm.ci jdk.internal.vm.compiler jdk.internal.vm.compiler.management jdk.jartool jdk.javadoc jdk.jcmd jdk.management jdk.management.agent jdk.jconsole jdk.jdeps jdk.jdwp.agent jdk.jdi jdk.jfr jdk.jshell jdk.jsobject jdk.jstatd jdk.localedata jdk.management.jfr jdk.naming.dns jdk.naming.rmi jdk.net jdk.nio.mapmode jdk.random jdk.sctp jdk.security.auth jdk.security.jgss jdk.unsupported jdk.unsupported.desktop jdk.xml.dom" 

Environment Variables:
JAVA_HOME=C:\Program Files\Microsoft\jdk-17.0.13.11-hotspot
PATH=C:\Program Files\Microsoft\jdk-17.0.13.11-hotspot\bin;C:\WINDOWS\system32;C:\WINDOWS;C:\WINDOWS\System32\Wbem;C:\WINDOWS\System32\WindowsPowerShell\v1.0\;C:\WINDOWS\System32\OpenSSH\;C:\xampp\php;C:\MinGW\bin;C:\ProgramData\chocolatey\bin;C:\Users\Kartik\AppData\Local\Android\Sdk\platforms;C:\Users\Kartik\AppData\Local\Android\Sdk\platform-tools;C:\Users\Kartik\AppData\Local\Android\Sdk;C:\Users\Kartik\AppData\Local\Android\Sdk\build-tools;C:\Users\Kartik\AppData\Local\Android\Sdk\emulator;C:\Users\Kartik\AppData\Local\Android\Sdk\cmdline-tools\latest\bin;C:\Users\Kartik\AppData\Roaming\npm;C:\Users\Kartik\AppData\Local\Programs\Python\Python313\Scripts\;C:\Users\Kartik\AppData\Local\Programs\Python\Python313\;C:\Users\Kartik\AppData\Local\Microsoft\WindowsApps;C:\Users\Kartik\AppData\Local\Programs\Microsoft VS Code\bin;C:\adb;C:\Program Files\nodejs\;C:\Windows\system32;C:\Windows;C:\Windows\System32\Wbem;C:\Windows\System32\WindowsPowerShell\v1.0\;C:\Windows\System32\OpenSSH\;C:\Program Files\Git\cmd;C:\Users\Kartik\AppData\Local\Android\Sdk\tools;C:\Users\Kartik\AppData\Local\Programs\Python\Python313\Scripts\;C:\Users\Kartik\AppData\Local\Programs\Python\Python313\;C:\Users\Kartik\AppData\Local\Microsoft\WindowsApps;C:\Users\Kartik\AppData\Local\Programs\Microsoft VS Code\bin;C:\MinGW\bin;C:\Users\Kartik\AppData\Local\Android\Sdk\cmdline-tools\latest\bin;C:\Users\Kartik\AppData\Local\Android\Sdk\emulator;C:\Users\Kartik\AppData\Local\Android\Sdk\platform-tools;C:\Users\Kartik\AppData\Local\Android\Sdk;C:\Users\Kartik\AppData\Local\Android\Sdk\build-tools;C:\Users\Kartik\AppData\Local\Android\Sdk\platforms;C:\Program Files\Microsoft\jdk-17.0.13.11-hotspot\bin;C:\Users\Kartik\AppData\Roaming\npm;C:\Users\Kartik\.bun\bin;C:\Users\Kartik\AppData\Local\Programs\Antigravity\bin
USERNAME=Kartik
OS=Windows_NT
PROCESSOR_IDENTIFIER=Intel64 Family 6 Model 154 Stepping 4, GenuineIntel
TMP=C:\Users\Kartik\AppData\Local\Temp
TEMP=C:\Users\Kartik\AppData\Local\Temp




Periodic native trim disabled

---------------  S Y S T E M  ---------------

OS:
 Windows 11 , 64 bit Build 26100 (10.0.26100.8328)
OS uptime: 0 days 0:56 hours
Hyper-V role detected

CPU: total 12 (initial active 12) (6 cores per cpu, 2 threads per core) family 6 model 154 stepping 4 microcode 0x42c, cx8, cmov, fxsr, ht, mmx, 3dnowpref, sse, sse2, sse3, ssse3, sse4.1, sse4.2, popcnt, lzcnt, tsc, tscinvbit, avx, avx2, aes, erms, clmul, bmi1, bmi2, adx, sha, fma, vzeroupper, clflush, clflushopt, clwb, hv, serialize, rdtscp, rdpid, fsrm, f16c, cet_ibt, cet_ss
Processor Information for processor 0
  Max Mhz: 1300, Current Mhz: 1300, Mhz Limit: 1300
Processor Information for processor 1
  Max Mhz: 1300, Current Mhz: 1300, Mhz Limit: 1300
Processor Information for processor 2
  Max Mhz: 1300, Current Mhz: 1300, Mhz Limit: 1300
Processor Information for processor 3
  Max Mhz: 1300, Current Mhz: 1300, Mhz Limit: 1300
Processor Information for processor 4
  Max Mhz: 1300, Current Mhz: 900, Mhz Limit: 897
Processor Information for processor 5
  Max Mhz: 1300, Current Mhz: 900, Mhz Limit: 897
Processor Information for processor 6
  Max Mhz: 1300, Current Mhz: 900, Mhz Limit: 897
Processor Information for processor 7
  Max Mhz: 1300, Current Mhz: 900, Mhz Limit: 897
Processor Information for processor 8
  Max Mhz: 1300, Current Mhz: 900, Mhz Limit: 897
Processor Information for processor 9
  Max Mhz: 1300, Current Mhz: 900, Mhz Limit: 897
Processor Information for processor 10
  Max Mhz: 1300, Current Mhz: 900, Mhz Limit: 897
Processor Information for processor 11
  Max Mhz: 1300, Current Mhz: 900, Mhz Limit: 897

Memory: 4k page, system-wide physical 7877M (602M free)
TotalPageFile size 19051M (AvailPageFile size 9M)
current process WorkingSet (physical memory assigned to process): 348M, peak: 382M
current process commit charge ("private bytes"): 406M, peak: 438M

vm_info: OpenJDK 64-Bit Server VM (21.0.10+7-LTS) for windows-amd64 JRE (21.0.10+7-LTS), built on 2026-01-20T00:00:00Z by "admin" with MS VC++ 17.12 (VS2022)

END.
